10	Q0	clueweb09-en0001-18-32681	1	0.020027150829922003	fubar
10	Q0	clueweb09-en0003-07-27266	2	0.019235978517389514	fubar
10	Q0	clueweb09-en0006-39-34119	3	0.01106759586473546	fubar
10	Q0	clueweb09-en0000-92-27444	4	0.0066180642491417896	fubar
10	Q0	clueweb09-en0009-14-23509	5	0.004846220724728555	fubar
10	Q0	clueweb09-en0009-14-23511	6	0.004225543744765693	fubar
10	Q0	clueweb09-en0009-14-23510	7	0.0036215085928934334	fubar
10	Q0	clueweb09-en0004-68-04360	8	0.0032934976814002507	fubar
10	Q0	clueweb09-en0007-59-08173	9	0.0029811767604039363	fubar
10	Q0	clueweb09-en0010-98-25031	10	0.002879125603705702	fubar
10	Q0	clueweb09-en0005-08-29722	11	0.0028541722066890663	fubar
10	Q0	clueweb09-en0005-08-29723	12	0.002778537551370864	fubar
10	Q0	clueweb09-en0008-66-06215	13	0.002714081977317778	fubar
10	Q0	clueweb09-en0007-94-02032	14	0.0025158612015247542	fubar
10	Q0	clueweb09-en0001-66-18804	15	0.0024487885317867218	fubar
10	Q0	clueweb09-en0001-66-18810	16	0.0024487885317867218	fubar
10	Q0	clueweb09-en0001-66-18807	17	0.0022990754804977144	fubar
10	Q0	clueweb09-en0001-66-18808	18	0.002298931910900401	fubar
10	Q0	clueweb09-en0008-08-33914	19	0.0022896823352211806	fubar
10	Q0	clueweb09-en0010-42-20537	20	0.002279251240474235	fubar
10	Q0	clueweb09-en0000-18-28703	21	0.0021297166740353495	fubar
10	Q0	clueweb09-en0000-95-28646	22	0.002029009419412877	fubar
10	Q0	clueweb09-en0000-95-28660	23	0.002029009419412877	fubar
10	Q0	clueweb09-en0000-95-28647	24	0.0020248960407629273	fubar
10	Q0	clueweb09-en0001-43-24713	25	0.0019995316096722018	fubar
10	Q0	clueweb09-en0002-15-23953	26	0.001930344027760705	fubar
10	Q0	clueweb09-en0005-08-29708	27	0.001914347872409884	fubar
10	Q0	clueweb09-en0005-08-29724	28	0.0018679494343238183	fubar
10	Q0	clueweb09-en0005-08-29736	29	0.0018411962714224225	fubar
10	Q0	clueweb09-en0005-08-29709	30	0.0017664267399317003	fubar
10	Q0	clueweb09-en0005-08-29706	31	0.0017599412599031644	fubar
10	Q0	clueweb09-en0001-85-26958	32	0.0017572465954638497	fubar
10	Q0	clueweb09-en0005-08-29726	33	0.0017544800484754245	fubar
10	Q0	clueweb09-en0005-08-29735	34	0.001729106299043425	fubar
10	Q0	clueweb09-en0005-08-29728	35	0.001718907277619318	fubar
10	Q0	clueweb09-en0005-08-29707	36	0.0016888715006156444	fubar
10	Q0	clueweb09-en0007-26-33126	37	0.0016788673739351109	fubar
10	Q0	clueweb09-en0005-08-29727	38	0.0016731187354261145	fubar
10	Q0	clueweb09-en0010-00-28785	39	0.0016600323839879338	fubar
10	Q0	clueweb09-en0000-61-26101	40	0.001611503551288958	fubar
10	Q0	clueweb09-en0001-85-26969	41	0.0015919026180777876	fubar
10	Q0	clueweb09-en0007-60-29595	42	0.0015900218758421903	fubar
10	Q0	clueweb09-en0007-94-02033	43	0.0015846615892225312	fubar
10	Q0	clueweb09-en0004-41-04645	44	0.0015842096262606209	fubar
10	Q0	clueweb09-en0010-00-30834	45	0.0015632635975622814	fubar
10	Q0	clueweb09-en0004-82-12306	46	0.0015419824873398559	fubar
10	Q0	clueweb09-en0004-82-12313	47	0.0015419824873398559	fubar
10	Q0	clueweb09-en0009-11-21683	48	0.0015419824873398559	fubar
10	Q0	clueweb09-en0010-42-20546	49	0.001531026656847131	fubar
10	Q0	clueweb09-en0005-54-22956	50	0.0014721874846448397	fubar
10	Q0	clueweb09-en0011-10-02807	51	0.0014161541468124263	fubar
10	Q0	clueweb09-en0001-09-22625	52	0.0014106266235025151	fubar
10	Q0	clueweb09-en0001-98-01610	53	0.0013725427215396247	fubar
10	Q0	clueweb09-en0010-44-25654	54	0.0013711030683025841	fubar
10	Q0	clueweb09-en0010-16-12086	55	0.0012887909921328238	fubar
10	Q0	clueweb09-en0008-08-09366	56	0.0012801721034922478	fubar
10	Q0	clueweb09-en0001-14-09672	57	0.0012575268530368967	fubar
10	Q0	clueweb09-en0004-69-06480	58	0.0012496648845488811	fubar
10	Q0	clueweb09-en0004-15-11382	59	0.0012200893452095612	fubar
10	Q0	clueweb09-en0004-28-00281	60	0.00118026472132302	fubar
10	Q0	clueweb09-en0004-77-15242	61	0.0011348518508247087	fubar
10	Q0	clueweb09-en0005-54-22955	62	0.001132363268780012	fubar
10	Q0	clueweb09-en0011-58-18759	63	0.0011204273947713853	fubar
10	Q0	clueweb09-en0007-09-36296	64	0.0011072638668569155	fubar
10	Q0	clueweb09-en0005-85-12503	65	0.0011069491398083106	fubar
10	Q0	clueweb09-en0001-09-22655	66	0.0010660227461506528	fubar
10	Q0	clueweb09-en0001-40-20393	67	0.0010660227461506528	fubar
10	Q0	clueweb09-en0000-02-25067	68	0.001008963519515768	fubar
10	Q0	clueweb09-en0000-02-25080	69	0.001008963519515768	fubar
10	Q0	clueweb09-en0007-45-13886	70	0.001008963519515768	fubar
10	Q0	clueweb09-en0007-45-13906	71	0.001008963519515768	fubar
10	Q0	clueweb09-en0000-06-28312	72	9.822774747258627E-4	fubar
10	Q0	clueweb09-en0000-51-29797	73	9.799493025610063E-4	fubar
10	Q0	clueweb09-en0002-09-20035	74	9.776577430055623E-4	fubar
10	Q0	clueweb09-en0000-56-19906	75	9.73641791624285E-4	fubar
10	Q0	clueweb09-en0000-03-35193	76	9.733342620344712E-4	fubar
10	Q0	clueweb09-en0004-60-02241	77	9.733342620344712E-4	fubar
10	Q0	clueweb09-en0003-03-03160	78	9.727197953995692E-4	fubar
10	Q0	clueweb09-en0000-02-33884	79	9.721061175561636E-4	fubar
10	Q0	clueweb09-en0000-07-18476	80	9.661241009908393E-4	fubar
10	Q0	clueweb09-en0000-05-06551	81	9.624658738180801E-4	fubar
10	Q0	clueweb09-en0000-07-28856	82	9.610388170318232E-4	fubar
10	Q0	clueweb09-en0000-07-28857	83	9.570974532076502E-4	fubar
10	Q0	clueweb09-en0001-94-02257	84	9.51252773877967E-4	fubar
10	Q0	clueweb09-en0000-01-21462	85	9.45222693206457E-4	fubar
10	Q0	clueweb09-en0002-01-17223	86	9.278751999358801E-4	fubar
10	Q0	clueweb09-en0000-06-31942	87	9.273661756395871E-4	fubar
10	Q0	clueweb09-en0000-27-31626	88	9.116366461799177E-4	fubar
10	Q0	clueweb09-en0009-68-23441	89	8.916014558614136E-4	fubar
10	Q0	clueweb09-en0006-19-03196	90	8.723525301364517E-4	fubar
10	Q0	clueweb09-en0000-58-00732	91	8.659257189029659E-4	fubar
10	Q0	clueweb09-en0000-07-28855	92	8.570085390956258E-4	fubar
10	Q0	clueweb09-en0005-98-13925	93	8.544715683495443E-4	fubar
10	Q0	clueweb09-en0002-77-27784	94	8.502525202165469E-4	fubar
10	Q0	clueweb09-en0002-15-23952	95	8.430473125747116E-4	fubar
10	Q0	clueweb09-en0001-40-20383	96	7.96209701294756E-4	fubar
10	Q0	clueweb09-en0000-77-11325	97	7.898905521871766E-4	fubar
10	Q0	clueweb09-en0001-09-22649	98	7.77519399106203E-4	fubar
10	Q0	clueweb09-en0001-40-20387	99	7.77519399106203E-4	fubar
10	Q0	clueweb09-en0009-01-08376	100	7.745225653452119E-4	fubar
12	Q0	clueweb09-en0007-24-16724	1	0.07917360068982197	fubar
12	Q0	clueweb09-en0007-24-16722	2	0.07752436074113898	fubar
12	Q0	clueweb09-en0007-24-16726	3	0.07068986129169114	fubar
12	Q0	clueweb09-en0007-24-16725	4	0.05493596566050071	fubar
12	Q0	clueweb09-en0004-09-06992	5	0.046802808425296875	fubar
12	Q0	clueweb09-en0004-09-06983	6	0.046538072626361005	fubar
12	Q0	clueweb09-en0007-24-16723	7	0.0442214066272391	fubar
12	Q0	clueweb09-en0007-39-16542	8	0.039209088461374206	fubar
12	Q0	clueweb09-en0005-27-36928	9	0.03738120715816796	fubar
12	Q0	clueweb09-en0011-78-02718	10	0.03261979884996032	fubar
12	Q0	clueweb09-en0011-78-00514	11	0.032027774542155676	fubar
12	Q0	clueweb09-en0006-33-01005	12	0.030154889200035898	fubar
12	Q0	clueweb09-en0006-33-01018	13	0.026778905097346588	fubar
12	Q0	clueweb09-en0007-24-16951	14	0.025939077572575693	fubar
12	Q0	clueweb09-en0002-44-25142	15	0.025480900051899166	fubar
12	Q0	clueweb09-en0007-69-33547	16	0.02368671947246841	fubar
12	Q0	clueweb09-en0005-27-36927	17	0.023397676923876853	fubar
12	Q0	clueweb09-en0005-53-38251	18	0.021362166517415543	fubar
12	Q0	clueweb09-en0003-67-00877	19	0.020900618201688818	fubar
12	Q0	clueweb09-en0006-33-01009	20	0.019976577932691798	fubar
12	Q0	clueweb09-en0006-33-01020	21	0.01964102813146423	fubar
12	Q0	clueweb09-en0006-33-01013	22	0.019308719548571964	fubar
12	Q0	clueweb09-en0009-89-11550	23	0.01675340512498794	fubar
12	Q0	clueweb09-en0009-89-11540	24	0.016619762729408443	fubar
12	Q0	clueweb09-en0010-46-23342	25	0.01639346120918215	fubar
12	Q0	clueweb09-en0001-25-05147	26	0.01534636323001725	fubar
12	Q0	clueweb09-en0009-89-11534	27	0.01534636323001725	fubar
12	Q0	clueweb09-en0009-89-11542	28	0.01534636323001725	fubar
12	Q0	clueweb09-en0009-89-11543	29	0.01534636323001725	fubar
12	Q0	clueweb09-en0009-39-29851	30	0.015182806836518072	fubar
12	Q0	clueweb09-en0007-39-24611	31	0.014354478527848826	fubar
12	Q0	clueweb09-en0007-39-23412	32	0.014342558561831293	fubar
12	Q0	clueweb09-en0007-39-23513	33	0.014330397129341489	fubar
12	Q0	clueweb09-en0007-39-22649	34	0.014312280272274732	fubar
12	Q0	clueweb09-en0007-39-24332	35	0.014201515748695286	fubar
12	Q0	clueweb09-en0007-39-22680	36	0.014158504140701104	fubar
12	Q0	clueweb09-en0007-39-23480	37	0.014109041011988021	fubar
12	Q0	clueweb09-en0007-39-24701	38	0.01409696629292591	fubar
12	Q0	clueweb09-en0007-39-24388	39	0.01406833461652847	fubar
12	Q0	clueweb09-en0007-39-22858	40	0.014067805054045675	fubar
12	Q0	clueweb09-en0007-39-23468	41	0.014041133381804927	fubar
12	Q0	clueweb09-en0007-39-22602	42	0.014017842864206232	fubar
12	Q0	clueweb09-en0007-39-24656	43	0.013928477084396953	fubar
12	Q0	clueweb09-en0007-39-24106	44	0.013918661101036532	fubar
12	Q0	clueweb09-en0007-39-23498	45	0.013880545445140153	fubar
12	Q0	clueweb09-en0007-39-22787	46	0.013872806259465062	fubar
12	Q0	clueweb09-en0007-39-23828	47	0.013843899179028143	fubar
12	Q0	clueweb09-en0007-39-24286	48	0.013820402316153304	fubar
12	Q0	clueweb09-en0007-39-22749	49	0.013810042257485378	fubar
12	Q0	clueweb09-en0007-39-24422	50	0.013805117393442746	fubar
12	Q0	clueweb09-en0007-39-23760	51	0.013794951697935497	fubar
12	Q0	clueweb09-en0007-39-23437	52	0.01379088287656972	fubar
12	Q0	clueweb09-en0007-39-22826	53	0.01376837313898571	fubar
12	Q0	clueweb09-en0007-39-23006	54	0.013741076151073261	fubar
12	Q0	clueweb09-en0007-39-23397	55	0.013723349991454508	fubar
12	Q0	clueweb09-en0007-39-23626	56	0.013712294346564284	fubar
12	Q0	clueweb09-en0006-58-24267	57	0.013712095389036954	fubar
12	Q0	clueweb09-en0007-39-24533	58	0.013703884608252644	fubar
12	Q0	clueweb09-en0007-39-22613	59	0.013687462477978408	fubar
12	Q0	clueweb09-en0007-39-22888	60	0.013670215462738123	fubar
12	Q0	clueweb09-en0007-39-24662	61	0.013627341694789625	fubar
12	Q0	clueweb09-en0007-39-24397	62	0.0135701380788715	fubar
12	Q0	clueweb09-en0007-39-23488	63	0.013560857122338243	fubar
12	Q0	clueweb09-en0007-39-23450	64	0.013525593890950833	fubar
12	Q0	clueweb09-en0007-39-23877	65	0.013512536610481558	fubar
12	Q0	clueweb09-en0007-39-24320	66	0.013512147861169336	fubar
12	Q0	clueweb09-en0007-39-24343	67	0.013511966578852576	fubar
12	Q0	clueweb09-en0007-39-24642	68	0.013489386946356846	fubar
12	Q0	clueweb09-en0007-39-22750	69	0.01342649919844348	fubar
12	Q0	clueweb09-en0007-39-24044	70	0.013425517363985	fubar
12	Q0	clueweb09-en0007-39-24382	71	0.01338312318376753	fubar
12	Q0	clueweb09-en0007-39-24635	72	0.013379771309807081	fubar
12	Q0	clueweb09-en0007-39-24308	73	0.013374306530292283	fubar
12	Q0	clueweb09-en0007-39-24451	74	0.013339435305879744	fubar
12	Q0	clueweb09-en0007-39-24882	75	0.013319151633318803	fubar
12	Q0	clueweb09-en0007-39-24423	76	0.013317425417998774	fubar
12	Q0	clueweb09-en0007-39-24540	77	0.01330186325054223	fubar
12	Q0	clueweb09-en0007-39-23237	78	0.01329929053281544	fubar
12	Q0	clueweb09-en0007-39-23143	79	0.013263168762055817	fubar
12	Q0	clueweb09-en0007-39-22771	80	0.013207576875861342	fubar
12	Q0	clueweb09-en0007-39-24626	81	0.01318842456723704	fubar
12	Q0	clueweb09-en0007-39-23148	82	0.01316661447868209	fubar
12	Q0	clueweb09-en0007-39-22992	83	0.013125636444428932	fubar
12	Q0	clueweb09-en0007-39-22682	84	0.013094974982466248	fubar
12	Q0	clueweb09-en0007-39-24314	85	0.013094157681496141	fubar
12	Q0	clueweb09-en0007-39-23805	86	0.013092142059380769	fubar
12	Q0	clueweb09-en0007-39-22558	87	0.013091807713191322	fubar
12	Q0	clueweb09-en0007-39-22691	88	0.013085804502657348	fubar
12	Q0	clueweb09-en0007-39-24464	89	0.013044507026849906	fubar
12	Q0	clueweb09-en0009-04-30421	90	0.013042746497251624	fubar
12	Q0	clueweb09-en0007-39-24582	91	0.013040340681080361	fubar
12	Q0	clueweb09-en0007-39-22983	92	0.012967748386081328	fubar
12	Q0	clueweb09-en0007-39-23117	93	0.012818765031530623	fubar
12	Q0	clueweb09-en0007-39-24161	94	0.012770457833854967	fubar
12	Q0	clueweb09-en0008-11-04012	95	0.012096108853819136	fubar
12	Q0	clueweb09-en0005-70-26176	96	0.011959537299101675	fubar
12	Q0	clueweb09-en0005-70-26177	97	0.011959537299101675	fubar
12	Q0	clueweb09-en0005-70-26182	98	0.011959537299101675	fubar
12	Q0	clueweb09-en0005-70-26190	99	0.011959537299101675	fubar
12	Q0	clueweb09-en0005-70-26197	100	0.011959537299101675	fubar
26	Q0	clueweb09-en0003-20-17325	1	0.0026770463627841003	fubar
26	Q0	clueweb09-en0000-32-03992	2	0.0018407379616673031	fubar
26	Q0	clueweb09-en0005-65-31815	3	0.001835650916089129	fubar
26	Q0	clueweb09-en0007-51-19957	4	0.0015357727726597226	fubar
26	Q0	clueweb09-en0004-02-17099	5	0.0014615907873738398	fubar
26	Q0	clueweb09-en0004-56-11923	6	0.0014396316574934568	fubar
26	Q0	clueweb09-en0009-64-01781	7	0.0013547482311848707	fubar
26	Q0	clueweb09-en0007-15-40215	8	0.0013107875353350045	fubar
26	Q0	clueweb09-en0005-08-41696	9	0.0012976920022644035	fubar
26	Q0	clueweb09-en0004-89-18068	10	0.0011338784696344844	fubar
26	Q0	clueweb09-en0001-28-23732	11	0.0010446016872156679	fubar
26	Q0	clueweb09-en0003-27-25448	12	0.0010062723077932363	fubar
26	Q0	clueweb09-en0001-20-13960	13	9.860399178343105E-4	fubar
26	Q0	clueweb09-en0005-67-17610	14	9.521326922506731E-4	fubar
26	Q0	clueweb09-en0008-24-10533	15	9.273695935738299E-4	fubar
26	Q0	clueweb09-en0006-76-14732	16	9.258608358456136E-4	fubar
26	Q0	clueweb09-en0001-17-15996	17	8.610058372039305E-4	fubar
26	Q0	clueweb09-en0011-68-21774	18	8.50354711368855E-4	fubar
26	Q0	clueweb09-en0008-22-28944	19	8.141240902891541E-4	fubar
26	Q0	clueweb09-en0011-68-21789	20	7.964308412725227E-4	fubar
26	Q0	clueweb09-en0001-80-10580	21	7.441367305322971E-4	fubar
26	Q0	clueweb09-en0007-32-33911	22	7.103623957503346E-4	fubar
26	Q0	clueweb09-en0010-62-08948	23	6.848528613409726E-4	fubar
26	Q0	clueweb09-en0011-94-03897	24	6.823916878303856E-4	fubar
26	Q0	clueweb09-en0008-09-11818	25	6.511273603859926E-4	fubar
26	Q0	clueweb09-en0008-09-11828	26	6.511273603859926E-4	fubar
26	Q0	clueweb09-en0007-00-06356	27	6.146499094105781E-4	fubar
26	Q0	clueweb09-en0002-83-01353	28	5.978465872520599E-4	fubar
26	Q0	clueweb09-en0008-18-07252	29	5.968402233352161E-4	fubar
26	Q0	clueweb09-en0011-09-07090	30	5.232319020957843E-4	fubar
26	Q0	clueweb09-en0000-09-09260	31	5.231841280988628E-4	fubar
26	Q0	clueweb09-enwp00-82-22880	32	5.043605070018767E-4	fubar
26	Q0	clueweb09-en0007-27-32254	33	5.011393611513739E-4	fubar
26	Q0	clueweb09-en0009-50-41295	34	4.90533286309741E-4	fubar
26	Q0	clueweb09-en0002-43-06943	35	4.800121759125334E-4	fubar
26	Q0	clueweb09-en0008-86-18099	36	4.771314250264081E-4	fubar
26	Q0	clueweb09-en0000-17-26052	37	4.759808598478869E-4	fubar
26	Q0	clueweb09-en0000-09-08810	38	4.7329201092043366E-4	fubar
26	Q0	clueweb09-enwp00-29-09599	39	4.6786527797710643E-4	fubar
26	Q0	clueweb09-enwp00-23-09526	40	4.6762146183750264E-4	fubar
26	Q0	clueweb09-enwp00-26-09119	41	4.6762146183750264E-4	fubar
26	Q0	clueweb09-enwp00-30-09674	42	4.6762146183750264E-4	fubar
26	Q0	clueweb09-enwp00-31-09883	43	4.6762146183750264E-4	fubar
26	Q0	clueweb09-enwp00-32-03242	44	4.6762146183750264E-4	fubar
26	Q0	clueweb09-enwp00-36-03612	45	4.6762146183750264E-4	fubar
26	Q0	clueweb09-enwp01-78-09119	46	4.6762146183750264E-4	fubar
26	Q0	clueweb09-enwp00-02-10824	47	4.675402485699719E-4	fubar
26	Q0	clueweb09-enwp00-26-09141	48	4.675402485699719E-4	fubar
26	Q0	clueweb09-enwp00-30-09685	49	4.675402485699719E-4	fubar
26	Q0	clueweb09-enwp00-33-09646	50	4.675402485699719E-4	fubar
26	Q0	clueweb09-enwp00-37-09773	51	4.675402485699719E-4	fubar
26	Q0	clueweb09-enwp01-78-09141	52	4.675402485699719E-4	fubar
26	Q0	clueweb09-enwp00-25-10150	53	4.6745906466532825E-4	fubar
26	Q0	clueweb09-enwp01-01-10150	54	4.6745906466532825E-4	fubar
26	Q0	clueweb09-en0011-58-19607	55	4.657597574402443E-4	fubar
26	Q0	clueweb09-en0007-13-30672	56	4.5982432317229037E-4	fubar
26	Q0	clueweb09-en0008-16-40507	57	4.54281538051388E-4	fubar
26	Q0	clueweb09-enwp00-96-12292	58	4.433270571821201E-4	fubar
26	Q0	clueweb09-enwp01-77-14696	59	4.432442645062283E-4	fubar
26	Q0	clueweb09-enwp01-32-16104	60	4.429134388949744E-4	fubar
26	Q0	clueweb09-enwp02-23-15904	61	4.4014982165311195E-4	fubar
26	Q0	clueweb09-enwp00-87-12716	62	4.398160174564606E-4	fubar
26	Q0	clueweb09-enwp02-08-00431	63	4.3956949825159906E-4	fubar
26	Q0	clueweb09-enwp00-89-13332	64	4.3686427928497186E-4	fubar
26	Q0	clueweb09-enwp03-14-22415	65	4.368419672184942E-4	fubar
26	Q0	clueweb09-enwp00-83-11659	66	4.3678385608065856E-4	fubar
26	Q0	clueweb09-enwp01-12-13498	67	4.3678385608065856E-4	fubar
26	Q0	clueweb09-enwp00-98-12447	68	4.353679619765766E-4	fubar
26	Q0	clueweb09-en0003-10-18518	69	4.344274182529412E-4	fubar
26	Q0	clueweb09-enwp03-08-22573	70	4.340172885787176E-4	fubar
26	Q0	clueweb09-en0005-22-07875	71	4.3211385438615647E-4	fubar
26	Q0	clueweb09-enwp01-24-16423	72	4.2951777599436715E-4	fubar
26	Q0	clueweb09-en0002-53-30927	73	4.2536045625197187E-4	fubar
26	Q0	clueweb09-en0008-18-32277	74	4.212741727362909E-4	fubar
26	Q0	clueweb09-en0008-80-03421	75	4.1265858562719365E-4	fubar
26	Q0	clueweb09-en0000-04-00579	76	4.048944143982794E-4	fubar
26	Q0	clueweb09-en0000-04-01322	77	4.048944143982794E-4	fubar
26	Q0	clueweb09-en0000-17-01012	78	4.0220244441894137E-4	fubar
26	Q0	clueweb09-en0003-37-21358	79	4.0029344270548715E-4	fubar
26	Q0	clueweb09-en0011-98-01614	80	3.994800800271363E-4	fubar
26	Q0	clueweb09-en0005-20-37511	81	3.930715236351493E-4	fubar
26	Q0	clueweb09-en0006-66-04640	82	3.894422333176463E-4	fubar
26	Q0	clueweb09-en0007-27-25690	83	3.7423547431626617E-4	fubar
26	Q0	clueweb09-en0000-09-08859	84	3.7239809842783454E-4	fubar
26	Q0	clueweb09-en0010-75-02171	85	3.686538847985913E-4	fubar
26	Q0	clueweb09-en0006-83-38024	86	3.609944419735544E-4	fubar
26	Q0	clueweb09-en0005-75-10536	87	3.5417760225882734E-4	fubar
26	Q0	clueweb09-en0006-09-21064	88	3.4333558773737624E-4	fubar
26	Q0	clueweb09-en0007-01-13970	89	3.4139429433169494E-4	fubar
26	Q0	clueweb09-en0000-56-19359	90	3.336090167888302E-4	fubar
26	Q0	clueweb09-en0005-86-01985	91	3.336090167888302E-4	fubar
26	Q0	clueweb09-en0000-67-16225	92	3.320164237521241E-4	fubar
26	Q0	clueweb09-en0007-53-00551	93	3.320164237521241E-4	fubar
26	Q0	clueweb09-en0008-09-11853	94	3.275825817869171E-4	fubar
26	Q0	clueweb09-en0002-86-07544	95	3.248213111283637E-4	fubar
26	Q0	clueweb09-en0000-10-08336	96	3.230134105331153E-4	fubar
26	Q0	clueweb09-en0007-57-19603	97	3.150197273847609E-4	fubar
26	Q0	clueweb09-en0006-69-21516	98	3.09050500326193E-4	fubar
26	Q0	clueweb09-en0005-56-01195	99	3.0599007129941653E-4	fubar
26	Q0	clueweb09-en0003-74-12212	100	3.029571134210089E-4	fubar
29	Q0	clueweb09-en0004-09-20970	1	0.0022501771401234657	fubar
29	Q0	clueweb09-en0011-98-19649	2	0.00161572300304092	fubar
29	Q0	clueweb09-en0002-81-23066	3	0.0015822337717755293	fubar
29	Q0	clueweb09-en0008-79-18869	4	0.001540777152924644	fubar
29	Q0	clueweb09-en0008-79-18868	5	0.0015382760927707757	fubar
29	Q0	clueweb09-en0005-22-36375	6	0.001332123042198426	fubar
29	Q0	clueweb09-en0002-81-26338	7	0.0011796722070527984	fubar
29	Q0	clueweb09-en0008-79-18870	8	0.0011679780515142597	fubar
29	Q0	clueweb09-en0001-26-27688	9	0.0011503721582283707	fubar
29	Q0	clueweb09-en0009-34-26780	10	0.0010696820217165454	fubar
29	Q0	clueweb09-en0001-68-20627	11	0.0010258600163171147	fubar
29	Q0	clueweb09-en0008-79-18871	12	0.0010048024576104508	fubar
29	Q0	clueweb09-en0006-74-29158	13	9.593171438740834E-4	fubar
29	Q0	clueweb09-en0001-26-27648	14	9.502705184728317E-4	fubar
29	Q0	clueweb09-en0005-66-26526	15	9.122237198158063E-4	fubar
29	Q0	clueweb09-en0007-71-16838	16	8.595413378302664E-4	fubar
29	Q0	clueweb09-en0001-02-19735	17	6.941449488121527E-4	fubar
29	Q0	clueweb09-en0011-14-10906	18	6.850155529251719E-4	fubar
29	Q0	clueweb09-en0000-54-09865	19	5.000545272805816E-4	fubar
29	Q0	clueweb09-en0001-24-06988	20	4.5998908453970467E-4	fubar
29	Q0	clueweb09-en0005-40-36199	21	4.448510000691455E-4	fubar
29	Q0	clueweb09-en0004-09-20944	22	4.2168655690965246E-4	fubar
29	Q0	clueweb09-en0004-09-20975	23	4.193118532334995E-4	fubar
29	Q0	clueweb09-en0003-62-18707	24	4.1714789161396965E-4	fubar
29	Q0	clueweb09-en0010-61-35743	25	4.114278212518387E-4	fubar
29	Q0	clueweb09-en0005-97-31330	26	3.991284555172337E-4	fubar
29	Q0	clueweb09-en0000-37-06356	27	3.830961473008038E-4	fubar
29	Q0	clueweb09-en0003-93-16170	28	3.795581965524692E-4	fubar
29	Q0	clueweb09-en0003-22-00196	29	3.77296812483244E-4	fubar
29	Q0	clueweb09-en0003-50-16719	30	3.6102433184270516E-4	fubar
29	Q0	clueweb09-en0001-48-17430	31	3.557728117170123E-4	fubar
29	Q0	clueweb09-en0005-04-18471	32	3.427472764652439E-4	fubar
29	Q0	clueweb09-en0005-40-36160	33	3.3588153952738756E-4	fubar
29	Q0	clueweb09-en0005-40-36197	34	3.3588153952738756E-4	fubar
29	Q0	clueweb09-en0005-86-11777	35	3.2939359534809025E-4	fubar
29	Q0	clueweb09-en0006-17-19924	36	3.2190104825791164E-4	fubar
29	Q0	clueweb09-en0001-03-05755	37	3.1984120059211086E-4	fubar
29	Q0	clueweb09-en0000-41-24559	38	3.165285163651645E-4	fubar
29	Q0	clueweb09-en0003-13-14486	39	3.117789011093065E-4	fubar
29	Q0	clueweb09-en0004-81-34531	40	3.016895756686717E-4	fubar
29	Q0	clueweb09-en0000-21-14576	41	2.827096098800309E-4	fubar
29	Q0	clueweb09-en0009-34-31543	42	2.750717246146196E-4	fubar
29	Q0	clueweb09-en0006-71-05051	43	2.7235403252491656E-4	fubar
29	Q0	clueweb09-en0009-51-13573	44	2.5924617360792055E-4	fubar
29	Q0	clueweb09-en0007-49-25389	45	2.5722096371053787E-4	fubar
29	Q0	clueweb09-en0011-02-00086	46	2.552072243494056E-4	fubar
29	Q0	clueweb09-en0004-19-06116	47	2.538090226121403E-4	fubar
29	Q0	clueweb09-en0007-14-21273	48	2.525456036592306E-4	fubar
29	Q0	clueweb09-en0008-31-34279	49	2.490293475830931E-4	fubar
29	Q0	clueweb09-en0006-55-21379	50	2.3931381451716864E-4	fubar
29	Q0	clueweb09-en0008-93-11524	51	2.3801334678775395E-4	fubar
29	Q0	clueweb09-en0005-52-11105	52	2.3688462909917995E-4	fubar
29	Q0	clueweb09-en0006-62-02612	53	2.3502851183746672E-4	fubar
29	Q0	clueweb09-en0010-45-35885	54	2.3038127521356807E-4	fubar
29	Q0	clueweb09-en0011-22-08462	55	2.2857240576752642E-4	fubar
29	Q0	clueweb09-en0011-13-15824	56	2.277693927803457E-4	fubar
29	Q0	clueweb09-en0004-91-07655	57	2.2085666107317663E-4	fubar
29	Q0	clueweb09-en0006-61-06204	58	2.1325915975643105E-4	fubar
29	Q0	clueweb09-en0007-78-22788	59	2.117637182873777E-4	fubar
29	Q0	clueweb09-en0010-05-40180	60	2.1017372258742742E-4	fubar
29	Q0	clueweb09-en0006-49-10668	61	2.0333121386277702E-4	fubar
29	Q0	clueweb09-en0009-71-25268	62	2.0073666289375283E-4	fubar
29	Q0	clueweb09-en0008-81-12543	63	2.0045086385551253E-4	fubar
29	Q0	clueweb09-en0007-21-08475	64	1.9809650353092066E-4	fubar
29	Q0	clueweb09-en0008-04-13289	65	1.860672035249846E-4	fubar
29	Q0	clueweb09-en0008-87-02981	66	1.8541352133547077E-4	fubar
29	Q0	clueweb09-en0007-20-30804	67	1.8470802117814453E-4	fubar
29	Q0	clueweb09-en0008-93-11563	68	1.788193200054065E-4	fubar
29	Q0	clueweb09-en0008-93-11625	69	1.7835423622313194E-4	fubar
29	Q0	clueweb09-en0010-36-02977	70	1.773384672737833E-4	fubar
29	Q0	clueweb09-en0008-89-24677	71	1.7654693739399375E-4	fubar
29	Q0	clueweb09-en0007-85-30496	72	1.7447195879198048E-4	fubar
29	Q0	clueweb09-en0011-65-03240	73	1.7438979018004572E-4	fubar
29	Q0	clueweb09-en0004-43-36136	74	1.7365737396362243E-4	fubar
29	Q0	clueweb09-en0007-49-01725	75	1.7271981668408974E-4	fubar
29	Q0	clueweb09-enwp00-01-14557	76	1.7065702917030596E-4	fubar
29	Q0	clueweb09-enwp00-16-14529	77	1.705135840983378E-4	fubar
29	Q0	clueweb09-en0004-45-01981	78	1.7035828508144948E-4	fubar
29	Q0	clueweb09-en0003-18-34649	79	1.6585949739444792E-4	fubar
29	Q0	clueweb09-en0005-18-29983	80	1.6277200419180757E-4	fubar
29	Q0	clueweb09-en0008-93-13158	81	1.6211899462129133E-4	fubar
29	Q0	clueweb09-en0010-05-40159	82	1.6209725670920559E-4	fubar
29	Q0	clueweb09-en0007-04-25118	83	1.609412420461407E-4	fubar
29	Q0	clueweb09-en0003-59-07163	84	1.5978974482466722E-4	fubar
29	Q0	clueweb09-en0006-04-08720	85	1.5695289870561746E-4	fubar
29	Q0	clueweb09-en0008-79-18830	86	1.5557676485700273E-4	fubar
29	Q0	clueweb09-en0008-93-14079	87	1.5453931336181724E-4	fubar
29	Q0	clueweb09-en0005-97-31339	88	1.541344292008248E-4	fubar
29	Q0	clueweb09-en0010-36-01635	89	1.529654693734929E-4	fubar
29	Q0	clueweb09-en0010-36-02987	90	1.5098133184337993E-4	fubar
29	Q0	clueweb09-en0010-16-25145	91	1.5079349157544732E-4	fubar
29	Q0	clueweb09-en0011-10-18387	92	1.4945088573168532E-4	fubar
29	Q0	clueweb09-en0009-34-26564	93	1.492765204765226E-4	fubar
29	Q0	clueweb09-en0001-10-03678	94	1.4870777884689498E-4	fubar
29	Q0	clueweb09-en0007-14-21285	95	1.4728531637850947E-4	fubar
29	Q0	clueweb09-en0008-87-03000	96	1.462410779899799E-4	fubar
29	Q0	clueweb09-en0006-68-34336	97	1.4506217003623217E-4	fubar
29	Q0	clueweb09-en0007-14-21283	98	1.4498093713756003E-4	fubar
29	Q0	clueweb09-enwp01-37-03925	99	1.440285833295837E-4	fubar
29	Q0	clueweb09-en0006-05-35717	100	1.4250121082441807E-4	fubar
33	Q0	clueweb09-en0004-10-03867	1	0.02816254010962273	fubar
33	Q0	clueweb09-en0003-85-29611	2	0.02722111217031386	fubar
33	Q0	clueweb09-en0001-84-08947	3	0.02661093817481918	fubar
33	Q0	clueweb09-en0007-93-27139	4	0.020770696362983006	fubar
33	Q0	clueweb09-en0007-10-02425	5	0.020057946941232457	fubar
33	Q0	clueweb09-en0008-88-09400	6	0.01645020285633888	fubar
33	Q0	clueweb09-en0007-02-05005	7	0.010438297438604138	fubar
33	Q0	clueweb09-en0004-86-06757	8	0.009907033132052826	fubar
33	Q0	clueweb09-en0007-28-28069	9	0.009570496267399241	fubar
33	Q0	clueweb09-en0007-28-28066	10	0.009481654863872434	fubar
33	Q0	clueweb09-en0007-02-05288	11	0.008887070250515328	fubar
33	Q0	clueweb09-en0007-28-28071	12	0.008852627399491463	fubar
33	Q0	clueweb09-en0007-28-28070	13	0.00836120884177875	fubar
33	Q0	clueweb09-en0011-47-00365	14	0.008038794395839042	fubar
33	Q0	clueweb09-en0011-47-01580	15	0.0076719174926814	fubar
33	Q0	clueweb09-en0011-47-01597	16	0.0075909952808598784	fubar
33	Q0	clueweb09-en0005-55-20307	17	0.007500408351260639	fubar
33	Q0	clueweb09-en0001-24-28991	18	0.007410860399736616	fubar
33	Q0	clueweb09-en0007-10-02426	19	0.0072682092553061515	fubar
33	Q0	clueweb09-en0007-27-13468	20	0.0070986728866792555	fubar
33	Q0	clueweb09-en0011-47-01149	21	0.007051945459705714	fubar
33	Q0	clueweb09-en0011-16-27385	22	0.006909635297718738	fubar
33	Q0	clueweb09-en0011-47-01613	23	0.00689819267209802	fubar
33	Q0	clueweb09-en0002-75-28930	24	0.006838122736800663	fubar
33	Q0	clueweb09-en0009-93-17526	25	0.006643239681263277	fubar
33	Q0	clueweb09-en0010-50-37908	26	0.00647207710002068	fubar
33	Q0	clueweb09-en0006-55-13289	27	0.0063363829473879	fubar
33	Q0	clueweb09-en0005-63-22187	28	0.006327778364985021	fubar
33	Q0	clueweb09-en0007-28-28067	29	0.0063222116524813445	fubar
33	Q0	clueweb09-en0011-47-01698	30	0.006281198870551359	fubar
33	Q0	clueweb09-en0005-58-06210	31	0.006258464741172613	fubar
33	Q0	clueweb09-en0010-50-37902	32	0.006225806815164623	fubar
33	Q0	clueweb09-en0011-46-21605	33	0.006210925484470862	fubar
33	Q0	clueweb09-en0006-51-13962	34	0.006162284957374393	fubar
33	Q0	clueweb09-en0004-51-27191	35	0.006144535482951309	fubar
33	Q0	clueweb09-en0010-50-37899	36	0.006086788205837851	fubar
33	Q0	clueweb09-en0007-10-02424	37	0.006014862878735681	fubar
33	Q0	clueweb09-en0006-55-13360	38	0.005990339086914799	fubar
33	Q0	clueweb09-en0009-89-21753	39	0.0059519515577070884	fubar
33	Q0	clueweb09-en0011-47-00372	40	0.005938579159051809	fubar
33	Q0	clueweb09-en0009-33-38369	41	0.005927249246797895	fubar
33	Q0	clueweb09-en0010-50-37896	42	0.005866422840573142	fubar
33	Q0	clueweb09-en0006-49-22677	43	0.005850943792705838	fubar
33	Q0	clueweb09-en0010-50-37430	44	0.005848030908928827	fubar
33	Q0	clueweb09-en0004-47-07395	45	0.0058208890107975825	fubar
33	Q0	clueweb09-en0007-43-26374	46	0.005793645085916841	fubar
33	Q0	clueweb09-en0007-28-28068	47	0.005764275744905287	fubar
33	Q0	clueweb09-en0011-47-00832	48	0.005722514298257876	fubar
33	Q0	clueweb09-en0003-52-21555	49	0.005621986071276715	fubar
33	Q0	clueweb09-en0007-27-13972	50	0.005407678047626614	fubar
33	Q0	clueweb09-en0008-93-19086	51	0.0054037355991960285	fubar
33	Q0	clueweb09-en0000-14-16447	52	0.005395595513970864	fubar
33	Q0	clueweb09-en0011-20-21397	53	0.005379439516459995	fubar
33	Q0	clueweb09-en0003-62-10129	54	0.005367072518984898	fubar
33	Q0	clueweb09-en0007-27-13971	55	0.0052883899117619915	fubar
33	Q0	clueweb09-en0007-27-13970	56	0.005094703579658951	fubar
33	Q0	clueweb09-en0007-97-20751	57	0.0050458986609194095	fubar
33	Q0	clueweb09-en0006-83-26307	58	0.005024936631772189	fubar
33	Q0	clueweb09-en0007-93-27138	59	0.004998803233250461	fubar
33	Q0	clueweb09-en0011-47-01583	60	0.0049658696617916375	fubar
33	Q0	clueweb09-en0011-46-21606	61	0.004961436591870537	fubar
33	Q0	clueweb09-en0001-05-27684	62	0.004895078715681396	fubar
33	Q0	clueweb09-en0006-47-10042	63	0.004859673434653332	fubar
33	Q0	clueweb09-en0001-05-27683	64	0.004806627512541473	fubar
33	Q0	clueweb09-en0004-55-29340	65	0.004764142084418381	fubar
33	Q0	clueweb09-en0006-07-08108	66	0.00475966226007622	fubar
33	Q0	clueweb09-en0003-62-10126	67	0.004754002844900694	fubar
33	Q0	clueweb09-en0003-43-03494	68	0.00473869372689105	fubar
33	Q0	clueweb09-en0008-72-38560	69	0.004712983004932365	fubar
33	Q0	clueweb09-en0002-44-08228	70	0.004582313516524939	fubar
33	Q0	clueweb09-en0006-13-16882	71	0.004552529073750344	fubar
33	Q0	clueweb09-en0004-41-04813	72	0.004511668196614694	fubar
33	Q0	clueweb09-en0007-43-26211	73	0.004455725521073034	fubar
33	Q0	clueweb09-en0008-85-35393	74	0.004435790775445761	fubar
33	Q0	clueweb09-en0003-62-10127	75	0.004387379114941911	fubar
33	Q0	clueweb09-en0007-93-27012	76	0.004368027045242956	fubar
33	Q0	clueweb09-en0004-55-29307	77	0.004328710757547351	fubar
33	Q0	clueweb09-en0001-55-13913	78	0.004282903568522154	fubar
33	Q0	clueweb09-en0004-85-21455	79	0.0041690872156717705	fubar
33	Q0	clueweb09-en0004-55-29323	80	0.004144680880066055	fubar
33	Q0	clueweb09-en0007-87-32838	81	0.004057346566407506	fubar
33	Q0	clueweb09-en0007-27-13968	82	0.0040373885086706605	fubar
33	Q0	clueweb09-en0011-47-01596	83	0.003956325679582818	fubar
33	Q0	clueweb09-en0004-81-23070	84	0.003938467637825572	fubar
33	Q0	clueweb09-en0003-62-10124	85	0.0038834576160908627	fubar
33	Q0	clueweb09-en0006-49-22613	86	0.0038649432935084116	fubar
33	Q0	clueweb09-en0005-81-13945	87	0.0038468204298692074	fubar
33	Q0	clueweb09-en0005-81-13951	88	0.0038468204298692074	fubar
33	Q0	clueweb09-en0008-88-09333	89	0.0038078295059603617	fubar
33	Q0	clueweb09-en0007-27-13967	90	0.003805643667111674	fubar
33	Q0	clueweb09-en0006-41-10193	91	0.003764171205957347	fubar
33	Q0	clueweb09-en0006-55-13272	92	0.003722720070266584	fubar
33	Q0	clueweb09-en0004-55-29308	93	0.0037055603648438206	fubar
33	Q0	clueweb09-en0006-55-13282	94	0.0036972048955719915	fubar
33	Q0	clueweb09-en0006-55-13250	95	0.0036638488298877062	fubar
33	Q0	clueweb09-en0006-55-13344	96	0.003655655413472226	fubar
33	Q0	clueweb09-en0006-55-13349	97	0.0036047023076223204	fubar
33	Q0	clueweb09-en0008-88-09323	98	0.0035713393218217543	fubar
33	Q0	clueweb09-en0006-55-13364	99	0.0035433513236123645	fubar
33	Q0	clueweb09-en0006-55-13299	100	0.0035280868150083474	fubar
52	Q0	clueweb09-en0002-02-06958	1	0.022904474878698573	fubar
52	Q0	clueweb09-en0007-27-31570	2	0.016542152689547094	fubar
52	Q0	clueweb09-en0004-50-29420	3	0.016252584916776336	fubar
52	Q0	clueweb09-en0007-42-30758	4	0.015872947570728817	fubar
52	Q0	clueweb09-en0009-11-15253	5	0.013538739848571062	fubar
52	Q0	clueweb09-en0007-54-06297	6	0.013472561086613953	fubar
52	Q0	clueweb09-en0007-45-32743	7	0.012961932059848127	fubar
52	Q0	clueweb09-en0003-46-06487	8	0.01219943883796013	fubar
52	Q0	clueweb09-en0007-56-15204	9	0.012100472260598048	fubar
52	Q0	clueweb09-en0007-54-06298	10	0.012047351297867432	fubar
52	Q0	clueweb09-en0004-73-19124	11	0.011759912711122488	fubar
52	Q0	clueweb09-en0008-73-34521	12	0.011666094733608056	fubar
52	Q0	clueweb09-en0007-42-30286	13	0.01153749521982816	fubar
52	Q0	clueweb09-en0007-37-33556	14	0.010778185410649557	fubar
52	Q0	clueweb09-en0007-76-21969	15	0.01061217034856421	fubar
52	Q0	clueweb09-enwp03-32-18527	16	0.010416352013290699	fubar
52	Q0	clueweb09-enwp00-28-01433	17	0.010310326019628863	fubar
52	Q0	clueweb09-en0009-03-12947	18	0.010218876935423716	fubar
52	Q0	clueweb09-en0001-34-01645	19	0.010111059044650546	fubar
52	Q0	clueweb09-en0008-39-16046	20	0.0099340207883719	fubar
52	Q0	clueweb09-en0003-86-25212	21	0.009572590615929303	fubar
52	Q0	clueweb09-en0003-86-25214	22	0.009572590615929303	fubar
52	Q0	clueweb09-en0007-62-26154	23	0.00948023765275249	fubar
52	Q0	clueweb09-en0005-55-08637	24	0.009384538652607747	fubar
52	Q0	clueweb09-en0008-73-34994	25	0.009329036076005598	fubar
52	Q0	clueweb09-en0001-40-04939	26	0.009218712479468963	fubar
52	Q0	clueweb09-en0007-42-30627	27	0.009178971252377256	fubar
52	Q0	clueweb09-en0004-73-19301	28	0.009165934878332284	fubar
52	Q0	clueweb09-en0003-52-22860	29	0.009148636692534023	fubar
52	Q0	clueweb09-en0004-36-21055	30	0.009148636692534023	fubar
52	Q0	clueweb09-en0011-96-20814	31	0.009087635220520396	fubar
52	Q0	clueweb09-en0007-62-26160	32	0.009018804308483154	fubar
52	Q0	clueweb09-en0008-78-30205	33	0.00880202258644133	fubar
52	Q0	clueweb09-en0004-36-21044	34	0.008144821983057242	fubar
52	Q0	clueweb09-en0007-54-06376	35	0.00794292058408469	fubar
52	Q0	clueweb09-en0000-51-12375	36	0.007802242628897151	fubar
52	Q0	clueweb09-en0005-07-06668	37	0.007802242628897151	fubar
52	Q0	clueweb09-en0000-54-14011	38	0.007706255889354979	fubar
52	Q0	clueweb09-en0011-54-44026	39	0.007693868358864756	fubar
52	Q0	clueweb09-en0004-91-21630	40	0.007693765993359609	fubar
52	Q0	clueweb09-en0010-35-03245	41	0.007692483572943499	fubar
52	Q0	clueweb09-en0003-52-22870	42	0.007628135968981762	fubar
52	Q0	clueweb09-en0003-52-22871	43	0.007628135968981762	fubar
52	Q0	clueweb09-en0007-09-39768	44	0.007618226472660074	fubar
52	Q0	clueweb09-en0000-54-14063	45	0.0074544065718454245	fubar
52	Q0	clueweb09-en0007-42-30872	46	0.0074544065718454245	fubar
52	Q0	clueweb09-en0010-35-03192	47	0.00696325505640837	fubar
52	Q0	clueweb09-en0007-87-18374	48	0.006899710399099746	fubar
52	Q0	clueweb09-en0010-35-03230	49	0.006899014110746937	fubar
52	Q0	clueweb09-en0006-75-29330	50	0.006854993969378448	fubar
52	Q0	clueweb09-en0000-53-12244	51	0.006582810794925727	fubar
52	Q0	clueweb09-en0007-42-28363	52	0.006354476736477913	fubar
52	Q0	clueweb09-en0004-55-23803	53	0.006171048129274412	fubar
52	Q0	clueweb09-en0010-35-03155	54	0.006019995258348036	fubar
52	Q0	clueweb09-en0010-35-03157	55	0.006019995258348036	fubar
52	Q0	clueweb09-en0008-73-35315	56	0.005973626866529091	fubar
52	Q0	clueweb09-en0008-73-35320	57	0.005903437782922737	fubar
52	Q0	clueweb09-en0008-73-35322	58	0.0058341649142343585	fubar
52	Q0	clueweb09-en0008-73-35321	59	0.005827327064167818	fubar
52	Q0	clueweb09-en0008-73-35324	60	0.00571490047528111	fubar
52	Q0	clueweb09-en0005-98-10328	61	0.0056314919340698655	fubar
52	Q0	clueweb09-en0011-57-08211	62	0.005630763637829133	fubar
52	Q0	clueweb09-en0008-73-35323	63	0.005559921981076208	fubar
52	Q0	clueweb09-en0011-72-16411	64	0.005503646880045419	fubar
52	Q0	clueweb09-en0008-73-35319	65	0.005320982381107348	fubar
52	Q0	clueweb09-en0010-35-03159	66	0.005314614211813178	fubar
52	Q0	clueweb09-en0010-35-03226	67	0.005282619733646531	fubar
52	Q0	clueweb09-en0008-73-35316	68	0.005186922559437663	fubar
52	Q0	clueweb09-enwp01-19-20373	69	0.005057422289312538	fubar
52	Q0	clueweb09-enwp01-08-20621	70	0.005048956317428282	fubar
52	Q0	clueweb09-en0003-52-22865	71	0.004986304745082846	fubar
52	Q0	clueweb09-en0011-39-28881	72	0.004780414039390812	fubar
52	Q0	clueweb09-en0004-36-21051	73	0.0047120935368708365	fubar
52	Q0	clueweb09-en0000-29-12343	74	0.0045777004273031	fubar
52	Q0	clueweb09-en0000-70-27853	75	0.00451387538817738	fubar
52	Q0	clueweb09-en0000-77-18405	76	0.004485882182052218	fubar
52	Q0	clueweb09-en0004-42-32855	77	0.004366834294907389	fubar
52	Q0	clueweb09-en0010-35-03254	78	0.004243651953886704	fubar
52	Q0	clueweb09-en0010-35-03195	79	0.004241577867803306	fubar
52	Q0	clueweb09-en0011-63-15984	80	0.004142561672290985	fubar
52	Q0	clueweb09-en0010-35-03196	81	0.004027721532992396	fubar
52	Q0	clueweb09-en0000-29-12345	82	0.0039170815315156355	fubar
52	Q0	clueweb09-en0005-76-00282	83	0.0039170815315156355	fubar
52	Q0	clueweb09-en0004-25-29156	84	0.0039067219214726995	fubar
52	Q0	clueweb09-en0010-35-03191	85	0.0038301780636873996	fubar
52	Q0	clueweb09-en0010-35-03150	86	0.003787221604907581	fubar
52	Q0	clueweb09-en0009-14-33266	87	0.0037554668885759167	fubar
52	Q0	clueweb09-en0000-51-12379	88	0.003754632097227445	fubar
52	Q0	clueweb09-en0005-07-06669	89	0.003754632097227445	fubar
52	Q0	clueweb09-en0008-73-35318	90	0.003702264298248425	fubar
52	Q0	clueweb09-en0004-36-21048	91	0.003672782082248639	fubar
52	Q0	clueweb09-en0004-36-21040	92	0.003594432138012004	fubar
52	Q0	clueweb09-en0010-35-03154	93	0.003552321437939994	fubar
52	Q0	clueweb09-en0003-52-22856	94	0.0035302400536800066	fubar
52	Q0	clueweb09-en0004-36-21053	95	0.0035302400536800066	fubar
52	Q0	clueweb09-en0000-65-07473	96	0.0034891898200818355	fubar
52	Q0	clueweb09-en0003-52-22857	97	0.0034765157984846776	fubar
52	Q0	clueweb09-en0010-35-03271	98	0.0034741660700694046	fubar
52	Q0	clueweb09-en0000-51-12376	99	0.0033709951629070528	fubar
52	Q0	clueweb09-en0010-35-03207	100	0.0032370083993391477	fubar
71	Q0	clueweb09-en0004-37-01664	1	0.009832790195598037	fubar
71	Q0	clueweb09-en0001-86-16575	2	0.007634845562274152	fubar
71	Q0	clueweb09-en0003-69-28041	3	0.00762765036534076	fubar
71	Q0	clueweb09-en0006-65-34164	4	0.007556665605283303	fubar
71	Q0	clueweb09-en0003-72-10841	5	0.005307342162491725	fubar
71	Q0	clueweb09-en0003-91-14622	6	0.004653718365520231	fubar
71	Q0	clueweb09-en0000-17-16576	7	0.0045820768268960135	fubar
71	Q0	clueweb09-en0006-65-34220	8	0.004044451765846293	fubar
71	Q0	clueweb09-en0006-31-34464	9	0.004001110376627568	fubar
71	Q0	clueweb09-en0003-69-28073	10	0.003950821786383857	fubar
71	Q0	clueweb09-en0003-69-28102	11	0.003920370695641822	fubar
71	Q0	clueweb09-en0003-69-28040	12	0.0037135875493592555	fubar
71	Q0	clueweb09-en0007-10-10738	13	0.0036463634419901148	fubar
71	Q0	clueweb09-en0006-01-08786	14	0.0036296599949053824	fubar
71	Q0	clueweb09-en0009-56-23906	15	0.003464472615590326	fubar
71	Q0	clueweb09-en0004-55-23262	16	0.0034117609980258796	fubar
71	Q0	clueweb09-en0007-10-10672	17	0.0033717239650095797	fubar
71	Q0	clueweb09-enwp01-79-06377	18	0.0031173085402120006	fubar
71	Q0	clueweb09-en0006-01-08808	19	0.0030294140571350586	fubar
71	Q0	clueweb09-en0007-18-18457	20	0.0030112270708131743	fubar
71	Q0	clueweb09-en0008-30-14790	21	0.002946166472826394	fubar
71	Q0	clueweb09-en0008-30-13524	22	0.0028292918418490803	fubar
71	Q0	clueweb09-enwp01-91-06156	23	0.002796629179424807	fubar
71	Q0	clueweb09-en0004-30-21214	24	0.0027251803602965385	fubar
71	Q0	clueweb09-en0000-51-21669	25	0.0026882684293665273	fubar
71	Q0	clueweb09-enwp00-58-25034	26	0.002669832189002459	fubar
71	Q0	clueweb09-enwp00-72-00113	27	0.002669832189002459	fubar
71	Q0	clueweb09-en0000-21-17133	28	0.002631066402836982	fubar
71	Q0	clueweb09-en0000-21-17088	29	0.002628126124477164	fubar
71	Q0	clueweb09-en0008-96-19685	30	0.0025976193112965526	fubar
71	Q0	clueweb09-en0009-56-23881	31	0.0025898917468354437	fubar
71	Q0	clueweb09-en0001-69-00512	32	0.0025851336488774595	fubar
71	Q0	clueweb09-en0008-98-27602	33	0.002567679719372914	fubar
71	Q0	clueweb09-en0007-10-10520	34	0.002521296786501034	fubar
71	Q0	clueweb09-en0008-66-22869	35	0.0024150735163863133	fubar
71	Q0	clueweb09-en0000-21-17132	36	0.0023836278651542856	fubar
71	Q0	clueweb09-enwp00-40-01239	37	0.0023225406731010793	fubar
71	Q0	clueweb09-enwp00-65-05738	38	0.0023126339558706063	fubar
71	Q0	clueweb09-enwp00-96-22223	39	0.002308881892042859	fubar
71	Q0	clueweb09-en0007-05-09666	40	0.002298291913042944	fubar
71	Q0	clueweb09-en0011-71-01514	41	0.002290823755821961	fubar
71	Q0	clueweb09-en0008-74-09143	42	0.0022628042167188275	fubar
71	Q0	clueweb09-enwp00-82-22030	43	0.0022493710337823567	fubar
71	Q0	clueweb09-enwp00-89-23165	44	0.0022492381429559767	fubar
71	Q0	clueweb09-enwp00-90-22138	45	0.0022489724155283245	fubar
71	Q0	clueweb09-enwp00-96-22131	46	0.0022488395789196118	fubar
71	Q0	clueweb09-enwp00-93-21720	47	0.0022459233871128673	fubar
71	Q0	clueweb09-enwp00-87-22550	48	0.0022457907019730397	fubar
71	Q0	clueweb09-en0008-10-02075	49	0.0022454612098317616	fubar
71	Q0	clueweb09-enwp00-77-05268	50	0.00224050713762392	fubar
71	Q0	clueweb09-en0008-10-02089	51	0.002222127560364344	fubar
71	Q0	clueweb09-en0005-41-21175	52	0.0022150526379194346	fubar
71	Q0	clueweb09-enwp01-75-06819	53	0.002212958319143923	fubar
71	Q0	clueweb09-enwp00-65-05712	54	0.002200489080149662	fubar
71	Q0	clueweb09-en0001-65-28419	55	0.0021919476890229664	fubar
71	Q0	clueweb09-enwp01-12-23460	56	0.002182249484168842	fubar
71	Q0	clueweb09-enwp01-71-05912	57	0.0021758549247988548	fubar
71	Q0	clueweb09-en0000-21-16430	58	0.00215020247188118	fubar
71	Q0	clueweb09-en0002-58-22349	59	0.00211524455716253	fubar
71	Q0	clueweb09-en0008-10-02080	60	0.002114945215135489	fubar
71	Q0	clueweb09-enwp01-70-04485	61	0.002096971315956693	fubar
71	Q0	clueweb09-en0008-09-18117	62	0.00208207056826758	fubar
71	Q0	clueweb09-en0008-09-16819	63	0.0020780077106087908	fubar
71	Q0	clueweb09-en0005-41-21236	64	0.002068114276600445	fubar
71	Q0	clueweb09-en0011-71-01524	65	0.002058669084913926	fubar
71	Q0	clueweb09-en0007-18-18063	66	0.0020231385221154623	fubar
71	Q0	clueweb09-en0002-14-11740	67	0.0020215032916374148	fubar
71	Q0	clueweb09-en0003-42-26715	68	0.0020121789556414183	fubar
71	Q0	clueweb09-en0007-22-30337	69	0.0019994520761565204	fubar
71	Q0	clueweb09-en0007-18-18064	70	0.001981166630104793	fubar
71	Q0	clueweb09-en0005-34-09416	71	0.0019637928514109793	fubar
71	Q0	clueweb09-en0007-34-34261	72	0.0019525438376345587	fubar
71	Q0	clueweb09-en0005-33-21192	73	0.0019433861321347021	fubar
71	Q0	clueweb09-en0007-34-34256	74	0.001941439274554003	fubar
71	Q0	clueweb09-en0000-21-17086	75	0.0019292225485392153	fubar
71	Q0	clueweb09-en0002-71-11796	76	0.0019155723896924633	fubar
71	Q0	clueweb09-en0008-09-17652	77	0.0019135048632178426	fubar
71	Q0	clueweb09-en0003-55-29991	78	0.0019106092167881378	fubar
71	Q0	clueweb09-en0001-94-11835	79	0.0018708533804317883	fubar
71	Q0	clueweb09-en0010-47-05597	80	0.0018691403933366602	fubar
71	Q0	clueweb09-en0007-68-19409	81	0.0018671652764438147	fubar
71	Q0	clueweb09-en0008-62-20193	82	0.0018643536049092562	fubar
71	Q0	clueweb09-en0001-80-27572	83	0.0018520394637768043	fubar
71	Q0	clueweb09-enwp01-63-18718	84	0.001851156538268137	fubar
71	Q0	clueweb09-en0000-21-17087	85	0.0018481551137921718	fubar
71	Q0	clueweb09-en0007-37-28891	86	0.0018153522452451125	fubar
71	Q0	clueweb09-en0008-25-07829	87	0.001813646290677525	fubar
71	Q0	clueweb09-en0003-82-07870	88	0.0018083636894545758	fubar
71	Q0	clueweb09-en0008-18-24287	89	0.0018064630072024738	fubar
71	Q0	clueweb09-en0009-64-34208	90	0.0017877525770717227	fubar
71	Q0	clueweb09-en0004-30-21216	91	0.0017756762449721351	fubar
71	Q0	clueweb09-enwp01-25-01166	92	0.0017649020440376217	fubar
71	Q0	clueweb09-enwp02-27-01166	93	0.0017649020440376217	fubar
71	Q0	clueweb09-en0008-68-16921	94	0.0017647942802656584	fubar
71	Q0	clueweb09-en0009-57-33673	95	0.0017545750641373397	fubar
71	Q0	clueweb09-en0008-73-19104	96	0.001749805743482495	fubar
71	Q0	clueweb09-en0001-94-20373	97	0.001746042001215496	fubar
71	Q0	clueweb09-en0003-46-26770	98	0.0017448239429525266	fubar
71	Q0	clueweb09-en0003-31-16394	99	0.0017336289965402191	fubar
71	Q0	clueweb09-en0008-80-11362	100	0.0017226082214475114	fubar
102	Q0	clueweb09-en0009-21-19078	1	0.0011643583874571142	fubar
102	Q0	clueweb09-en0000-71-33778	2	4.4060063131701714E-4	fubar
102	Q0	clueweb09-en0007-96-01022	3	4.4060063131701714E-4	fubar
102	Q0	clueweb09-en0009-21-19080	4	2.4992421795824206E-4	fubar
102	Q0	clueweb09-en0002-62-10701	5	2.465229596074843E-4	fubar
102	Q0	clueweb09-en0003-97-27345	6	2.2899623681132543E-4	fubar
102	Q0	clueweb09-en0005-85-24201	7	1.8980220969698215E-4	fubar
102	Q0	clueweb09-en0007-63-04777	8	1.8579985374893315E-4	fubar
102	Q0	clueweb09-en0000-31-10629	9	7.868591577058081E-5	fubar
102	Q0	clueweb09-en0004-54-25496	10	7.855469167641579E-5	fubar
102	Q0	clueweb09-en0007-96-00920	11	6.308236532833809E-5	fubar
102	Q0	clueweb09-en0007-96-00921	12	6.084213771232081E-5	fubar
102	Q0	clueweb09-en0009-30-26210	13	5.363058153671102E-5	fubar
102	Q0	clueweb09-en0010-40-31910	14	4.903166586146858E-5	fubar
102	Q0	clueweb09-en0006-62-04172	15	4.113270716573017E-5	fubar
102	Q0	clueweb09-en0005-65-36624	16	3.0379013892932772E-5	fubar
102	Q0	clueweb09-en0006-62-04160	17	2.959536723281461E-5	fubar
102	Q0	clueweb09-en0011-66-21300	18	2.83185507508715E-5	fubar
102	Q0	clueweb09-en0000-60-04902	19	2.6880459891894867E-5	fubar
102	Q0	clueweb09-en0005-13-05487	20	2.663954762667339E-5	fubar
102	Q0	clueweb09-en0000-88-32756	21	2.5019106157897393E-5	fubar
102	Q0	clueweb09-en0005-11-31471	22	2.4734395421060418E-5	fubar
102	Q0	clueweb09-en0002-35-32791	23	2.3937195103893065E-5	fubar
102	Q0	clueweb09-en0004-61-29157	24	2.3917612274546295E-5	fubar
102	Q0	clueweb09-en0001-95-26767	25	2.25051656118315E-5	fubar
102	Q0	clueweb09-en0008-28-17148	26	2.1542906891106023E-5	fubar
102	Q0	clueweb09-en0009-52-24958	27	2.1115299159243964E-5	fubar
102	Q0	clueweb09-en0010-46-07977	28	2.0848334914473464E-5	fubar
102	Q0	clueweb09-en0010-46-07959	29	2.008408650760116E-5	fubar
102	Q0	clueweb09-enwp01-04-17896	30	1.950902408976901E-5	fubar
102	Q0	clueweb09-en0009-38-34983	31	1.9378041491810543E-5	fubar
102	Q0	clueweb09-en0006-63-01860	32	1.9318313185284744E-5	fubar
102	Q0	clueweb09-en0010-08-07530	33	1.8929165444502585E-5	fubar
102	Q0	clueweb09-en0008-88-30015	34	1.852443597548199E-5	fubar
102	Q0	clueweb09-en0000-90-12830	35	1.8369373855487847E-5	fubar
102	Q0	clueweb09-en0009-69-17707	36	1.815121277338301E-5	fubar
102	Q0	clueweb09-en0011-11-24678	37	1.802413951972061E-5	fubar
102	Q0	clueweb09-en0010-68-15319	38	1.7936723302273604E-5	fubar
102	Q0	clueweb09-en0000-18-23590	39	1.7550098838938363E-5	fubar
102	Q0	clueweb09-en0010-50-18902	40	1.7421718594105384E-5	fubar
102	Q0	clueweb09-en0009-49-10754	41	1.6431552730548654E-5	fubar
102	Q0	clueweb09-en0002-39-11560	42	1.6163547128688232E-5	fubar
102	Q0	clueweb09-en0010-43-16425	43	1.61300658259851E-5	fubar
102	Q0	clueweb09-en0003-44-05249	44	1.6120467260722043E-5	fubar
102	Q0	clueweb09-en0009-49-10757	45	1.6120467260722043E-5	fubar
102	Q0	clueweb09-en0000-31-10670	46	1.586244535782741E-5	fubar
102	Q0	clueweb09-enwp03-07-18836	47	1.579816057767352E-5	fubar
102	Q0	clueweb09-en0005-24-34561	48	1.5790510078998787E-5	fubar
102	Q0	clueweb09-en0008-88-30792	49	1.5682774241059262E-5	fubar
102	Q0	clueweb09-en0004-44-47161	50	1.5490237832416415E-5	fubar
102	Q0	clueweb09-enwp00-79-16935	51	1.5264139485071956E-5	fubar
102	Q0	clueweb09-en0000-74-29194	52	1.5181919829321724E-5	fubar
102	Q0	clueweb09-en0005-30-01786	53	1.4654951528086991E-5	fubar
102	Q0	clueweb09-en0005-76-06153	54	1.4318946241922107E-5	fubar
102	Q0	clueweb09-en0003-87-11281	55	1.429024429218641E-5	fubar
102	Q0	clueweb09-en0010-40-31911	56	1.4233092284322471E-5	fubar
102	Q0	clueweb09-en0009-18-18150	57	1.4112526201944029E-5	fubar
102	Q0	clueweb09-en0001-80-04482	58	1.4087729716562621E-5	fubar
102	Q0	clueweb09-en0006-04-32118	59	1.390508736521601E-5	fubar
102	Q0	clueweb09-en0009-95-35358	60	1.3056564467128146E-5	fubar
102	Q0	clueweb09-en0008-65-25354	61	1.2900010356664133E-5	fubar
102	Q0	clueweb09-en0007-51-04111	62	1.2530585724851005E-5	fubar
102	Q0	clueweb09-en0010-87-24883	63	1.2508974770611048E-5	fubar
102	Q0	clueweb09-en0007-24-28068	64	1.2393079504257046E-5	fubar
102	Q0	clueweb09-en0007-92-17757	65	1.226525153468957E-5	fubar
102	Q0	clueweb09-en0005-30-01787	66	1.1661878521910756E-5	fubar
102	Q0	clueweb09-en0005-30-01788	67	1.1654656314259862E-5	fubar
102	Q0	clueweb09-en0002-98-24932	68	1.1632168995928305E-5	fubar
102	Q0	clueweb09-en0011-45-21946	69	1.1553504486523329E-5	fubar
102	Q0	clueweb09-en0011-10-28159	70	1.1512465217305552E-5	fubar
102	Q0	clueweb09-en0003-13-19421	71	1.1508964531506972E-5	fubar
102	Q0	clueweb09-en0000-52-10558	72	1.1446237251315863E-5	fubar
102	Q0	clueweb09-en0009-95-35355	73	1.143736515153708E-5	fubar
102	Q0	clueweb09-en0004-69-06509	74	1.143501335223999E-5	fubar
102	Q0	clueweb09-en0008-28-17149	75	1.1320743433541267E-5	fubar
102	Q0	clueweb09-enwp01-72-17382	76	1.128833630783937E-5	fubar
102	Q0	clueweb09-en0010-77-09983	77	1.1276859488327316E-5	fubar
102	Q0	clueweb09-en0005-71-29597	78	1.1237440797314896E-5	fubar
102	Q0	clueweb09-en0008-76-14587	79	1.1237064183193619E-5	fubar
102	Q0	clueweb09-en0007-72-31914	80	1.1143779457886422E-5	fubar
102	Q0	clueweb09-en0006-79-35207	81	1.1044618959821361E-5	fubar
102	Q0	clueweb09-en0001-29-21562	82	1.1033573064086855E-5	fubar
102	Q0	clueweb09-en0003-08-32187	83	1.087850670116983E-5	fubar
102	Q0	clueweb09-en0010-24-24336	84	1.0862524237005142E-5	fubar
102	Q0	clueweb09-en0005-12-31304	85	1.0709522502116774E-5	fubar
102	Q0	clueweb09-en0000-89-29896	86	1.0645305639081117E-5	fubar
102	Q0	clueweb09-en0010-52-15582	87	1.0524027032481618E-5	fubar
102	Q0	clueweb09-en0009-98-33267	88	1.0459773358750895E-5	fubar
102	Q0	clueweb09-en0000-14-27481	89	1.016559047803336E-5	fubar
102	Q0	clueweb09-en0004-69-11051	90	1.0042867009689255E-5	fubar
102	Q0	clueweb09-en0006-83-06399	91	9.919396089484751E-6	fubar
102	Q0	clueweb09-en0009-48-35275	92	9.786802563458391E-6	fubar
102	Q0	clueweb09-enwp00-83-17676	93	9.77042983823451E-6	fubar
102	Q0	clueweb09-enwp00-94-18399	94	9.768530279057846E-6	fubar
102	Q0	clueweb09-enwp00-98-18273	95	9.768530279057846E-6	fubar
102	Q0	clueweb09-enwp01-12-19488	96	9.768530279057846E-6	fubar
102	Q0	clueweb09-enwp00-89-19301	97	9.759047512367133E-6	fubar
102	Q0	clueweb09-en0008-63-39696	98	9.675970554369406E-6	fubar
102	Q0	clueweb09-en0004-77-11714	99	9.650097000685723E-6	fubar
102	Q0	clueweb09-en0009-64-29497	100	9.568084318978226E-6	fubar
149	Q0	clueweb09-en0003-01-26777	1	0.00510715546175509	fubar
149	Q0	clueweb09-en0004-31-10704	2	0.005045949797820173	fubar
149	Q0	clueweb09-en0003-01-26776	3	0.004780018659319454	fubar
149	Q0	clueweb09-en0003-01-26774	4	0.004121662062551173	fubar
149	Q0	clueweb09-en0003-01-26781	5	0.004121124376180374	fubar
149	Q0	clueweb09-en0004-04-24081	6	0.0034048932652743767	fubar
149	Q0	clueweb09-en0000-54-05204	7	0.003140733310104886	fubar
149	Q0	clueweb09-en0003-01-26766	8	0.0028164918650936035	fubar
149	Q0	clueweb09-en0008-32-24252	9	0.002785219307517701	fubar
149	Q0	clueweb09-enwp03-26-23161	10	0.0025500381456654508	fubar
149	Q0	clueweb09-enwp03-57-00231	11	0.0025460812200309513	fubar
149	Q0	clueweb09-enwp03-45-00686	12	0.0025434126441581527	fubar
149	Q0	clueweb09-enwp01-90-18659	13	0.002539984987576003	fubar
149	Q0	clueweb09-enwp01-70-19331	14	0.0025393949392508767	fubar
149	Q0	clueweb09-enwp03-40-00516	15	0.002539295327561109	fubar
149	Q0	clueweb09-enwp03-44-00114	16	0.002538705395891448	fubar
149	Q0	clueweb09-enwp03-56-00042	17	0.002538533069152276	fubar
149	Q0	clueweb09-enwp02-01-19234	18	0.002536674072089566	fubar
149	Q0	clueweb09-enwp01-18-10595	19	0.00253615746982828	fubar
149	Q0	clueweb09-en0003-01-26778	20	0.0024767496279566583	fubar
149	Q0	clueweb09-en0002-02-16140	21	0.0022998753186008673	fubar
149	Q0	clueweb09-en0005-19-22028	22	0.0022870990969101708	fubar
149	Q0	clueweb09-en0004-37-01750	23	0.0020885658354522596	fubar
149	Q0	clueweb09-en0002-83-28784	24	0.0020819001486861214	fubar
149	Q0	clueweb09-en0002-04-26891	25	0.0019506772357561317	fubar
149	Q0	clueweb09-en0010-39-06285	26	0.001892771218763811	fubar
149	Q0	clueweb09-en0003-57-14820	27	0.0018297904419284719	fubar
149	Q0	clueweb09-en0002-04-26889	28	0.001823192029066295	fubar
149	Q0	clueweb09-en0003-08-31941	29	0.0018204558086995356	fubar
149	Q0	clueweb09-en0002-04-26897	30	0.0017122908138587605	fubar
149	Q0	clueweb09-en0005-84-28959	31	0.0017086831294096808	fubar
149	Q0	clueweb09-en0003-01-26794	32	0.0016796773136357951	fubar
149	Q0	clueweb09-en0003-01-26797	33	0.0016560409623109114	fubar
149	Q0	clueweb09-en0010-58-05004	34	0.001636522052964462	fubar
149	Q0	clueweb09-en0004-28-03201	35	0.0015960449499191124	fubar
149	Q0	clueweb09-en0003-01-26796	36	0.0015523411405351383	fubar
149	Q0	clueweb09-en0008-89-29303	37	0.001497379573301796	fubar
149	Q0	clueweb09-en0011-52-21084	38	0.001375844632399307	fubar
149	Q0	clueweb09-en0003-01-26802	39	0.0013720791310994102	fubar
149	Q0	clueweb09-en0001-74-13903	40	0.0013557207176393576	fubar
149	Q0	clueweb09-en0006-14-32778	41	0.001341453533422389	fubar
149	Q0	clueweb09-en0011-14-20282	42	0.0013165502100149554	fubar
149	Q0	clueweb09-en0011-45-31490	43	0.0013134814364045566	fubar
149	Q0	clueweb09-en0011-52-18935	44	0.001271607102523449	fubar
149	Q0	clueweb09-en0003-01-26775	45	0.0011529923550932415	fubar
149	Q0	clueweb09-en0002-06-10623	46	0.0011521515980642393	fubar
149	Q0	clueweb09-enwp02-30-19531	47	0.0011065747228272305	fubar
149	Q0	clueweb09-en0008-10-11732	48	0.0010987086332182035	fubar
149	Q0	clueweb09-enwp01-19-20384	49	0.0010955985742987723	fubar
149	Q0	clueweb09-en0006-74-20162	50	0.0010879541516054104	fubar
149	Q0	clueweb09-en0001-29-06746	51	0.0010767064259438956	fubar
149	Q0	clueweb09-en0006-79-24044	52	0.0010674373242222455	fubar
149	Q0	clueweb09-en0011-98-31791	53	0.001063880219568381	fubar
149	Q0	clueweb09-en0006-64-18367	54	0.0010518761379390165	fubar
149	Q0	clueweb09-en0011-98-31793	55	0.0010298157163415116	fubar
149	Q0	clueweb09-en0003-01-26791	56	0.0010165367415149106	fubar
149	Q0	clueweb09-en0009-20-07613	57	0.0010158523714431972	fubar
149	Q0	clueweb09-en0005-99-18499	58	9.886046811797625E-4	fubar
149	Q0	clueweb09-en0003-01-26661	59	9.860710094046815E-4	fubar
149	Q0	clueweb09-en0004-31-10631	60	9.860710094046815E-4	fubar
149	Q0	clueweb09-enwp03-17-23697	61	9.662984418586193E-4	fubar
149	Q0	clueweb09-en0006-68-38816	62	9.523926523857946E-4	fubar
149	Q0	clueweb09-enwp00-95-06351	63	9.501218346946741E-4	fubar
149	Q0	clueweb09-en0001-70-34066	64	9.458979479961056E-4	fubar
149	Q0	clueweb09-en0004-48-14257	65	9.163013971163287E-4	fubar
149	Q0	clueweb09-en0008-35-07745	66	9.09877664843787E-4	fubar
149	Q0	clueweb09-en0006-68-38815	67	9.09669856254187E-4	fubar
149	Q0	clueweb09-en0005-88-12005	68	8.879327645302262E-4	fubar
149	Q0	clueweb09-en0009-25-22037	69	8.866154577520781E-4	fubar
149	Q0	clueweb09-en0002-13-08496	70	8.822940360057364E-4	fubar
149	Q0	clueweb09-en0003-01-26789	71	8.728897692806465E-4	fubar
149	Q0	clueweb09-en0001-93-20942	72	8.599489042887649E-4	fubar
149	Q0	clueweb09-enwp00-11-18399	73	8.377140961033516E-4	fubar
149	Q0	clueweb09-en0009-20-07595	74	8.19019618316039E-4	fubar
149	Q0	clueweb09-en0004-28-03198	75	8.069870957533164E-4	fubar
149	Q0	clueweb09-en0011-84-23595	76	7.925783670336277E-4	fubar
149	Q0	clueweb09-en0002-63-20850	77	7.911683815907548E-4	fubar
149	Q0	clueweb09-en0011-55-38719	78	7.852162360773977E-4	fubar
149	Q0	clueweb09-enwp00-62-21228	79	7.711908373139425E-4	fubar
149	Q0	clueweb09-enwp00-73-21271	80	7.711908373139425E-4	fubar
149	Q0	clueweb09-enwp03-26-23160	81	7.711908373139425E-4	fubar
149	Q0	clueweb09-en0004-20-31736	82	7.629834658515182E-4	fubar
149	Q0	clueweb09-en0007-01-26086	83	7.605738936471747E-4	fubar
149	Q0	clueweb09-en0009-20-07545	84	7.596084102727527E-4	fubar
149	Q0	clueweb09-en0009-45-17604	85	7.595618160010173E-4	fubar
149	Q0	clueweb09-en0005-73-16693	86	7.587777381456651E-4	fubar
149	Q0	clueweb09-en0005-99-18483	87	7.498170797124363E-4	fubar
149	Q0	clueweb09-en0002-33-19532	88	7.490612758273244E-4	fubar
149	Q0	clueweb09-enwp01-12-06619	89	7.44594461209187E-4	fubar
149	Q0	clueweb09-en0011-45-27440	90	7.437895109308162E-4	fubar
149	Q0	clueweb09-enwp03-50-00103	91	7.431551786833511E-4	fubar
149	Q0	clueweb09-en0011-98-31792	92	7.423284757099906E-4	fubar
149	Q0	clueweb09-en0004-70-18766	93	7.40956884736036E-4	fubar
149	Q0	clueweb09-en0001-21-25495	94	7.173859060045484E-4	fubar
149	Q0	clueweb09-en0004-48-14185	95	7.153218353669517E-4	fubar
149	Q0	clueweb09-en0005-88-07146	96	7.130952326850523E-4	fubar
149	Q0	clueweb09-en0008-35-07746	97	6.994275907392277E-4	fubar
149	Q0	clueweb09-en0009-09-26716	98	6.961891464404153E-4	fubar
149	Q0	clueweb09-en0011-54-41527	99	6.717334823458139E-4	fubar
149	Q0	clueweb09-en0006-36-32109	100	6.690522780036641E-4	fubar
190	Q0	clueweb09-en0006-70-16312	1	5.201326359451481E-4	fubar
190	Q0	clueweb09-en0001-43-19557	2	3.573120562314707E-4	fubar
190	Q0	clueweb09-en0006-63-21300	3	3.3340913414924743E-4	fubar
190	Q0	clueweb09-en0000-35-19942	4	2.3275385446687119E-4	fubar
190	Q0	clueweb09-en0006-98-32888	5	1.849235940083065E-4	fubar
190	Q0	clueweb09-en0004-65-06611	6	1.6974267878176695E-4	fubar
190	Q0	clueweb09-en0006-14-40073	7	1.4167424294651894E-4	fubar
190	Q0	clueweb09-en0003-67-02800	8	1.215001456786282E-4	fubar
190	Q0	clueweb09-en0007-24-07713	9	1.2102699757651598E-4	fubar
190	Q0	clueweb09-en0006-48-13234	10	1.1550154354029455E-4	fubar
190	Q0	clueweb09-en0004-42-40299	11	1.0724425263423422E-4	fubar
190	Q0	clueweb09-en0006-48-13403	12	9.36968949434337E-5	fubar
190	Q0	clueweb09-en0009-98-27245	13	9.281694647045319E-5	fubar
190	Q0	clueweb09-en0004-72-27126	14	9.152270061833278E-5	fubar
190	Q0	clueweb09-en0006-16-02379	15	9.036691095852973E-5	fubar
190	Q0	clueweb09-en0009-15-22865	16	8.8337641409441E-5	fubar
190	Q0	clueweb09-en0006-16-02366	17	8.749851768084036E-5	fubar
190	Q0	clueweb09-en0009-98-27243	18	7.912674954467001E-5	fubar
190	Q0	clueweb09-en0000-18-21486	19	7.847221823716193E-5	fubar
190	Q0	clueweb09-en0006-16-02347	20	7.847221823716193E-5	fubar
190	Q0	clueweb09-en0006-16-02397	21	7.669118664384811E-5	fubar
190	Q0	clueweb09-en0006-16-02376	22	7.359760296754942E-5	fubar
190	Q0	clueweb09-en0009-62-38578	23	7.022966801106386E-5	fubar
190	Q0	clueweb09-en0011-13-22789	24	6.966833055234188E-5	fubar
190	Q0	clueweb09-en0006-48-12487	25	6.716668375107289E-5	fubar
190	Q0	clueweb09-en0006-16-02388	26	6.404263763549593E-5	fubar
190	Q0	clueweb09-en0007-72-10770	27	5.7046098032968796E-5	fubar
190	Q0	clueweb09-en0006-98-32865	28	5.479998965771644E-5	fubar
190	Q0	clueweb09-en0006-48-12486	29	5.447161989737359E-5	fubar
190	Q0	clueweb09-en0006-98-32840	30	5.421282442294615E-5	fubar
190	Q0	clueweb09-en0009-98-27244	31	5.021600842812411E-5	fubar
190	Q0	clueweb09-enwp00-30-16648	32	5.012253888770558E-5	fubar
190	Q0	clueweb09-en0003-38-30237	33	4.584884410445761E-5	fubar
190	Q0	clueweb09-en0011-37-26826	34	4.510662728640708E-5	fubar
190	Q0	clueweb09-en0011-20-22443	35	4.3075881465404726E-5	fubar
190	Q0	clueweb09-en0006-16-02350	36	3.800782790865403E-5	fubar
190	Q0	clueweb09-en0010-78-08853	37	3.797146012316802E-5	fubar
190	Q0	clueweb09-en0006-16-02377	38	3.7381343444055205E-5	fubar
190	Q0	clueweb09-en0000-36-07440	39	3.656745154238446E-5	fubar
190	Q0	clueweb09-en0001-36-14245	40	3.539219625348395E-5	fubar
190	Q0	clueweb09-en0006-16-02370	41	3.459797044706189E-5	fubar
190	Q0	clueweb09-en0010-60-16249	42	3.363096668972266E-5	fubar
190	Q0	clueweb09-en0010-60-16223	43	3.3315301688718355E-5	fubar
190	Q0	clueweb09-en0006-16-02382	44	3.240763638390403E-5	fubar
190	Q0	clueweb09-en0000-95-20731	45	3.1171601444029464E-5	fubar
190	Q0	clueweb09-en0006-16-02372	46	2.8148214768687022E-5	fubar
190	Q0	clueweb09-en0007-36-05948	47	2.79604768430096E-5	fubar
190	Q0	clueweb09-en0006-16-02384	48	2.7605515527692652E-5	fubar
190	Q0	clueweb09-en0006-16-02392	49	2.7256356355065212E-5	fubar
190	Q0	clueweb09-en0007-36-06082	50	2.696856150999472E-5	fubar
190	Q0	clueweb09-en0006-16-02374	51	2.684859348412325E-5	fubar
190	Q0	clueweb09-en0005-61-23474	52	2.587831546925843E-5	fubar
190	Q0	clueweb09-en0006-16-02380	53	2.5105770620420254E-5	fubar
190	Q0	clueweb09-en0008-82-32634	54	2.44083193193317E-5	fubar
190	Q0	clueweb09-en0006-16-02387	55	2.4345183537145275E-5	fubar
190	Q0	clueweb09-en0003-31-13760	56	2.2644396817525042E-5	fubar
190	Q0	clueweb09-en0003-71-13626	57	2.2267702400604977E-5	fubar
190	Q0	clueweb09-en0004-90-07658	58	2.1303607940325945E-5	fubar
190	Q0	clueweb09-en0008-92-02423	59	2.1249852856367843E-5	fubar
190	Q0	clueweb09-en0006-16-02352	60	2.1159204093982405E-5	fubar
190	Q0	clueweb09-en0008-86-05086	61	2.0850289146226644E-5	fubar
190	Q0	clueweb09-en0008-90-05423	62	1.968829520089174E-5	fubar
190	Q0	clueweb09-en0010-81-33763	63	1.9676071539178335E-5	fubar
190	Q0	clueweb09-en0006-16-02356	64	1.9580153335263874E-5	fubar
190	Q0	clueweb09-en0006-16-02353	65	1.926626799081711E-5	fubar
190	Q0	clueweb09-en0006-16-02351	66	1.8652237936544674E-5	fubar
190	Q0	clueweb09-en0006-16-02348	67	1.864663720107535E-5	fubar
190	Q0	clueweb09-en0002-39-10420	68	1.7795255224067644E-5	fubar
190	Q0	clueweb09-en0001-18-37097	69	1.765525430814849E-5	fubar
190	Q0	clueweb09-en0008-18-37611	70	1.7494149861756677E-5	fubar
190	Q0	clueweb09-en0002-20-21552	71	1.7428162734417972E-5	fubar
190	Q0	clueweb09-en0010-99-16562	72	1.7225027729954423E-5	fubar
190	Q0	clueweb09-en0003-45-11515	73	1.7169028904695458E-5	fubar
190	Q0	clueweb09-en0007-51-08563	74	1.648809758670206E-5	fubar
190	Q0	clueweb09-en0006-16-02389	75	1.5832899345632813E-5	fubar
190	Q0	clueweb09-en0006-16-02386	76	1.579110133860785E-5	fubar
190	Q0	clueweb09-en0002-15-25446	77	1.562066324614796E-5	fubar
190	Q0	clueweb09-en0010-07-23767	78	1.5208362893884707E-5	fubar
190	Q0	clueweb09-en0009-36-21804	79	1.4823692071769937E-5	fubar
190	Q0	clueweb09-en0003-80-07456	80	1.4669771214333319E-5	fubar
190	Q0	clueweb09-en0003-01-15659	81	1.4607774774127674E-5	fubar
190	Q0	clueweb09-en0011-93-22042	82	1.4506386555342497E-5	fubar
190	Q0	clueweb09-en0011-93-22072	83	1.4503189310277047E-5	fubar
190	Q0	clueweb09-enwp00-36-17027	84	1.42583111314483E-5	fubar
190	Q0	clueweb09-en0001-30-01103	85	1.4250524747598793E-5	fubar
190	Q0	clueweb09-en0006-16-02354	86	1.3676491126559435E-5	fubar
190	Q0	clueweb09-en0005-85-01398	87	1.3456672082444472E-5	fubar
190	Q0	clueweb09-en0006-16-02355	88	1.3345997271655188E-5	fubar
190	Q0	clueweb09-en0007-94-02003	89	1.284918924492698E-5	fubar
190	Q0	clueweb09-en0011-93-22031	90	1.252783140730189E-5	fubar
190	Q0	clueweb09-en0008-18-37612	91	1.2481300036448963E-5	fubar
190	Q0	clueweb09-en0009-36-21774	92	1.1670463007029523E-5	fubar
190	Q0	clueweb09-en0005-07-09108	93	1.1285591176349005E-5	fubar
190	Q0	clueweb09-en0007-33-07214	94	1.1270361770834495E-5	fubar
190	Q0	clueweb09-en0009-36-21868	95	1.100270713460668E-5	fubar
190	Q0	clueweb09-en0007-80-31029	96	1.0953817226153948E-5	fubar
190	Q0	clueweb09-en0009-36-21864	97	1.0935383108296615E-5	fubar
190	Q0	clueweb09-en0009-36-21791	98	1.05617145508806E-5	fubar
190	Q0	clueweb09-en0009-36-21889	99	1.05617145508806E-5	fubar
190	Q0	clueweb09-en0009-36-21792	100	1.0558529413479762E-5	fubar
