10	Q0	clueweb09-en0001-18-32681	1	0.027631306475020344	fubar
10	Q0	clueweb09-en0003-07-27266	2	0.026112966740500846	fubar
10	Q0	clueweb09-en0006-39-34119	3	0.010835082645087604	fubar
10	Q0	clueweb09-en0000-92-27444	4	0.007806402950632964	fubar
10	Q0	clueweb09-en0009-14-23509	5	0.004214147884037614	fubar
10	Q0	clueweb09-en0004-68-04360	6	0.0036795113739811203	fubar
10	Q0	clueweb09-en0009-14-23511	7	0.0036031165975974064	fubar
10	Q0	clueweb09-en0009-14-23510	8	0.003021656913964091	fubar
10	Q0	clueweb09-en0010-98-25031	9	0.0029796406605156907	fubar
10	Q0	clueweb09-en0005-08-29722	10	0.002908436699816743	fubar
10	Q0	clueweb09-en0005-08-29723	11	0.0027793110567134755	fubar
10	Q0	clueweb09-en0008-66-06215	12	0.0026926335973951965	fubar
10	Q0	clueweb09-en0001-14-09672	13	0.0026717334902969015	fubar
10	Q0	clueweb09-en0001-66-18804	14	0.002486971648998139	fubar
10	Q0	clueweb09-en0001-66-18810	15	0.002486971648998139	fubar
10	Q0	clueweb09-en0000-95-28646	16	0.002481188384155792	fubar
10	Q0	clueweb09-en0000-95-28660	17	0.002481188384155792	fubar
10	Q0	clueweb09-en0000-95-28647	18	0.002473226391337405	fubar
10	Q0	clueweb09-en0000-18-28703	19	0.0024474721424085307	fubar
10	Q0	clueweb09-en0001-66-18807	20	0.0024442494892885874	fubar
10	Q0	clueweb09-en0001-66-18808	21	0.0024436176718804366	fubar
10	Q0	clueweb09-en0001-43-24713	22	0.002443444425393155	fubar
10	Q0	clueweb09-en0007-94-02032	23	0.002349992579182088	fubar
10	Q0	clueweb09-en0002-15-23953	24	0.0022245122074221217	fubar
10	Q0	clueweb09-en0007-59-08173	25	0.0021461658637346014	fubar
10	Q0	clueweb09-en0008-08-33914	26	0.002114960752031523	fubar
10	Q0	clueweb09-en0010-42-20537	27	0.002112840895589027	fubar
10	Q0	clueweb09-en0005-08-29736	28	0.0020049997242896885	fubar
10	Q0	clueweb09-en0011-10-02807	29	0.0020013050313097	fubar
10	Q0	clueweb09-en0010-00-28785	30	0.00193957655930096	fubar
10	Q0	clueweb09-en0005-08-29708	31	0.0019180566187518642	fubar
10	Q0	clueweb09-en0005-08-29724	32	0.0019155147443593896	fubar
10	Q0	clueweb09-en0005-08-29706	33	0.0019015444903822678	fubar
10	Q0	clueweb09-en0005-08-29709	34	0.0018792769567239928	fubar
10	Q0	clueweb09-en0005-08-29726	35	0.001774013027435878	fubar
10	Q0	clueweb09-en0005-08-29735	36	0.0017659749580010429	fubar
10	Q0	clueweb09-en0005-08-29728	37	0.0017605571820771965	fubar
10	Q0	clueweb09-en0002-19-29538	38	0.001724826105611595	fubar
10	Q0	clueweb09-en0002-19-29537	39	0.0017087388306386761	fubar
10	Q0	clueweb09-en0002-19-29570	40	0.0016934562740025273	fubar
10	Q0	clueweb09-en0002-19-29595	41	0.0016869416943644238	fubar
10	Q0	clueweb09-en0002-19-29628	42	0.001685228756873383	fubar
10	Q0	clueweb09-en0002-19-29536	43	0.0016841151268372088	fubar
10	Q0	clueweb09-en0002-19-29594	44	0.001679921845484966	fubar
10	Q0	clueweb09-en0002-19-29614	45	0.0016756039871072413	fubar
10	Q0	clueweb09-en0010-00-30834	46	0.0016723316961018725	fubar
10	Q0	clueweb09-en0002-19-29565	47	0.0016715167299392296	fubar
10	Q0	clueweb09-en0002-19-29733	48	0.0016699741195857225	fubar
10	Q0	clueweb09-en0002-19-29568	49	0.0016685728329303609	fubar
10	Q0	clueweb09-en0005-08-29707	50	0.0016443256336647447	fubar
10	Q0	clueweb09-en0005-08-29727	51	0.0016425442778051946	fubar
10	Q0	clueweb09-en0002-19-29740	52	0.00162470969660102	fubar
10	Q0	clueweb09-en0007-94-02033	53	0.0016031124573309395	fubar
10	Q0	clueweb09-en0002-19-29562	54	0.0015544571572241295	fubar
10	Q0	clueweb09-en0002-19-29662	55	0.0015542449998089231	fubar
10	Q0	clueweb09-en0001-09-22625	56	0.0015339860243619421	fubar
10	Q0	clueweb09-en0001-85-26969	57	0.0015101491861370768	fubar
10	Q0	clueweb09-en0004-82-12306	58	0.0014977277389567126	fubar
10	Q0	clueweb09-en0004-82-12313	59	0.0014977277389567126	fubar
10	Q0	clueweb09-en0009-11-21683	60	0.0014977277389567126	fubar
10	Q0	clueweb09-en0002-19-29597	61	0.001483167688039296	fubar
10	Q0	clueweb09-en0007-26-33126	62	0.0014750499055190183	fubar
10	Q0	clueweb09-en0010-42-20546	63	0.0014662630540146727	fubar
10	Q0	clueweb09-en0006-26-26632	64	0.0014552901323963549	fubar
10	Q0	clueweb09-en0005-54-22956	65	0.001454257189080925	fubar
10	Q0	clueweb09-en0006-19-03196	66	0.0014445651552226209	fubar
10	Q0	clueweb09-en0001-85-26958	67	0.0014373496525155306	fubar
10	Q0	clueweb09-en0006-26-26623	68	0.001434809825473336	fubar
10	Q0	clueweb09-en0006-26-26626	69	0.0014129981273267526	fubar
10	Q0	clueweb09-en0000-61-26101	70	0.001395981946465386	fubar
10	Q0	clueweb09-en0007-60-29595	71	0.0013573787342518234	fubar
10	Q0	clueweb09-en0009-02-04515	72	0.0013293567151802584	fubar
10	Q0	clueweb09-en0002-19-29554	73	0.0013097793442659626	fubar
10	Q0	clueweb09-en0001-98-01610	74	0.0013084335175652382	fubar
10	Q0	clueweb09-en0002-19-29582	75	0.0013055531473616744	fubar
10	Q0	clueweb09-en0004-41-04645	76	0.001289665007028516	fubar
10	Q0	clueweb09-en0007-09-36296	77	0.0012885117694228772	fubar
10	Q0	clueweb09-en0006-88-42231	78	0.001279223667438372	fubar
10	Q0	clueweb09-en0011-68-08948	79	0.0012670618406782914	fubar
10	Q0	clueweb09-en0002-19-29605	80	0.001253928884263659	fubar
10	Q0	clueweb09-en0006-26-26651	81	0.001247177171347595	fubar
10	Q0	clueweb09-en0008-08-09366	82	0.00124196806743164	fubar
10	Q0	clueweb09-en0002-19-29550	83	0.0012263375097889624	fubar
10	Q0	clueweb09-en0005-47-05498	84	0.0012174199039099974	fubar
10	Q0	clueweb09-en0001-22-11054	85	0.0011919579261507828	fubar
10	Q0	clueweb09-en0000-77-11325	86	0.0011912739500906852	fubar
10	Q0	clueweb09-en0002-15-23952	87	0.0011749276882752084	fubar
10	Q0	clueweb09-en0001-22-11051	88	0.0011671761170006724	fubar
10	Q0	clueweb09-en0001-09-22655	89	0.001146092128621426	fubar
10	Q0	clueweb09-en0001-40-20393	90	0.001146092128621426	fubar
10	Q0	clueweb09-en0004-14-05046	91	0.0011450938791776977	fubar
10	Q0	clueweb09-en0000-06-28312	92	0.0011440719128478914	fubar
10	Q0	clueweb09-en0002-09-20035	93	0.0011425207795488425	fubar
10	Q0	clueweb09-en0000-56-19906	94	0.0011377807356070782	fubar
10	Q0	clueweb09-en0000-03-35193	95	0.0011374177574742133	fubar
10	Q0	clueweb09-en0004-60-02241	96	0.0011374177574742133	fubar
10	Q0	clueweb09-en0000-07-18476	97	0.0011370338380979842	fubar
10	Q0	clueweb09-en0003-03-03160	98	0.001136692500722562	fubar
10	Q0	clueweb09-en0000-02-33884	99	0.001135968175159269	fubar
10	Q0	clueweb09-en0000-07-28856	100	0.0011352788162484822	fubar
12	Q0	clueweb09-en0007-24-16724	1	0.07917360068982197	fubar
12	Q0	clueweb09-en0007-24-16722	2	0.07752436074113898	fubar
12	Q0	clueweb09-en0007-24-16726	3	0.07068986129169114	fubar
12	Q0	clueweb09-en0007-24-16725	4	0.05493596566050071	fubar
12	Q0	clueweb09-en0004-09-06992	5	0.046802808425296875	fubar
12	Q0	clueweb09-en0004-09-06983	6	0.046538072626361005	fubar
12	Q0	clueweb09-en0007-24-16723	7	0.0442214066272391	fubar
12	Q0	clueweb09-en0007-39-16542	8	0.039209088461374206	fubar
12	Q0	clueweb09-en0005-27-36928	9	0.03738120715816796	fubar
12	Q0	clueweb09-en0011-78-02718	10	0.03261979884996032	fubar
12	Q0	clueweb09-en0011-78-00514	11	0.032027774542155676	fubar
12	Q0	clueweb09-en0006-33-01005	12	0.030154889200035898	fubar
12	Q0	clueweb09-en0006-33-01018	13	0.026778905097346588	fubar
12	Q0	clueweb09-en0007-24-16951	14	0.025939077572575693	fubar
12	Q0	clueweb09-en0002-44-25142	15	0.025480900051899166	fubar
12	Q0	clueweb09-en0007-69-33547	16	0.02368671947246841	fubar
12	Q0	clueweb09-en0005-27-36927	17	0.023397676923876853	fubar
12	Q0	clueweb09-en0005-53-38251	18	0.021362166517415543	fubar
12	Q0	clueweb09-en0003-67-00877	19	0.020900618201688818	fubar
12	Q0	clueweb09-en0006-33-01009	20	0.019976577932691798	fubar
12	Q0	clueweb09-en0006-33-01020	21	0.01964102813146423	fubar
12	Q0	clueweb09-en0006-33-01013	22	0.019308719548571964	fubar
12	Q0	clueweb09-en0009-89-11550	23	0.01675340512498794	fubar
12	Q0	clueweb09-en0009-89-11540	24	0.016619762729408443	fubar
12	Q0	clueweb09-en0010-46-23342	25	0.01639346120918215	fubar
12	Q0	clueweb09-en0001-25-05147	26	0.01534636323001725	fubar
12	Q0	clueweb09-en0009-89-11534	27	0.01534636323001725	fubar
12	Q0	clueweb09-en0009-89-11542	28	0.01534636323001725	fubar
12	Q0	clueweb09-en0009-89-11543	29	0.01534636323001725	fubar
12	Q0	clueweb09-en0009-39-29851	30	0.015182806836518072	fubar
12	Q0	clueweb09-en0007-39-24611	31	0.014354478527848826	fubar
12	Q0	clueweb09-en0007-39-23412	32	0.014342558561831293	fubar
12	Q0	clueweb09-en0007-39-23513	33	0.014330397129341489	fubar
12	Q0	clueweb09-en0007-39-22649	34	0.014312280272274732	fubar
12	Q0	clueweb09-en0007-39-24332	35	0.014201515748695286	fubar
12	Q0	clueweb09-en0007-39-22680	36	0.014158504140701104	fubar
12	Q0	clueweb09-en0007-39-23480	37	0.014109041011988021	fubar
12	Q0	clueweb09-en0007-39-24701	38	0.01409696629292591	fubar
12	Q0	clueweb09-en0007-39-24388	39	0.01406833461652847	fubar
12	Q0	clueweb09-en0007-39-22858	40	0.014067805054045675	fubar
12	Q0	clueweb09-en0007-39-23468	41	0.014041133381804927	fubar
12	Q0	clueweb09-en0007-39-22602	42	0.014017842864206232	fubar
12	Q0	clueweb09-en0007-39-24656	43	0.013928477084396953	fubar
12	Q0	clueweb09-en0007-39-24106	44	0.013918661101036532	fubar
12	Q0	clueweb09-en0007-39-23498	45	0.013880545445140153	fubar
12	Q0	clueweb09-en0007-39-22787	46	0.013872806259465062	fubar
12	Q0	clueweb09-en0007-39-23828	47	0.013843899179028143	fubar
12	Q0	clueweb09-en0007-39-24286	48	0.013820402316153304	fubar
12	Q0	clueweb09-en0007-39-22749	49	0.013810042257485378	fubar
12	Q0	clueweb09-en0007-39-24422	50	0.013805117393442746	fubar
12	Q0	clueweb09-en0007-39-23760	51	0.013794951697935497	fubar
12	Q0	clueweb09-en0007-39-23437	52	0.01379088287656972	fubar
12	Q0	clueweb09-en0007-39-22826	53	0.01376837313898571	fubar
12	Q0	clueweb09-en0007-39-23006	54	0.013741076151073261	fubar
12	Q0	clueweb09-en0007-39-23397	55	0.013723349991454508	fubar
12	Q0	clueweb09-en0007-39-23626	56	0.013712294346564284	fubar
12	Q0	clueweb09-en0006-58-24267	57	0.013712095389036954	fubar
12	Q0	clueweb09-en0007-39-24533	58	0.013703884608252644	fubar
12	Q0	clueweb09-en0007-39-22613	59	0.013687462477978408	fubar
12	Q0	clueweb09-en0007-39-22888	60	0.013670215462738123	fubar
12	Q0	clueweb09-en0007-39-24662	61	0.013627341694789625	fubar
12	Q0	clueweb09-en0007-39-24397	62	0.0135701380788715	fubar
12	Q0	clueweb09-en0007-39-23488	63	0.013560857122338243	fubar
12	Q0	clueweb09-en0007-39-23450	64	0.013525593890950833	fubar
12	Q0	clueweb09-en0007-39-23877	65	0.013512536610481558	fubar
12	Q0	clueweb09-en0007-39-24320	66	0.013512147861169336	fubar
12	Q0	clueweb09-en0007-39-24343	67	0.013511966578852576	fubar
12	Q0	clueweb09-en0007-39-24642	68	0.013489386946356846	fubar
12	Q0	clueweb09-en0007-39-22750	69	0.01342649919844348	fubar
12	Q0	clueweb09-en0007-39-24044	70	0.013425517363985	fubar
12	Q0	clueweb09-en0007-39-24382	71	0.01338312318376753	fubar
12	Q0	clueweb09-en0007-39-24635	72	0.013379771309807081	fubar
12	Q0	clueweb09-en0007-39-24308	73	0.013374306530292283	fubar
12	Q0	clueweb09-en0007-39-24451	74	0.013339435305879744	fubar
12	Q0	clueweb09-en0007-39-24882	75	0.013319151633318803	fubar
12	Q0	clueweb09-en0007-39-24423	76	0.013317425417998774	fubar
12	Q0	clueweb09-en0007-39-24540	77	0.01330186325054223	fubar
12	Q0	clueweb09-en0007-39-23237	78	0.01329929053281544	fubar
12	Q0	clueweb09-en0007-39-23143	79	0.013263168762055817	fubar
12	Q0	clueweb09-en0007-39-22771	80	0.013207576875861342	fubar
12	Q0	clueweb09-en0007-39-24626	81	0.01318842456723704	fubar
12	Q0	clueweb09-en0007-39-23148	82	0.01316661447868209	fubar
12	Q0	clueweb09-en0007-39-22992	83	0.013125636444428932	fubar
12	Q0	clueweb09-en0007-39-22682	84	0.013094974982466248	fubar
12	Q0	clueweb09-en0007-39-24314	85	0.013094157681496141	fubar
12	Q0	clueweb09-en0007-39-23805	86	0.013092142059380769	fubar
12	Q0	clueweb09-en0007-39-22558	87	0.013091807713191322	fubar
12	Q0	clueweb09-en0007-39-22691	88	0.013085804502657348	fubar
12	Q0	clueweb09-en0007-39-24464	89	0.013044507026849906	fubar
12	Q0	clueweb09-en0009-04-30421	90	0.013042746497251624	fubar
12	Q0	clueweb09-en0007-39-24582	91	0.013040340681080361	fubar
12	Q0	clueweb09-en0007-39-22983	92	0.012967748386081328	fubar
12	Q0	clueweb09-en0007-39-23117	93	0.012818765031530623	fubar
12	Q0	clueweb09-en0007-39-24161	94	0.012770457833854967	fubar
12	Q0	clueweb09-en0008-11-04012	95	0.012096108853819136	fubar
12	Q0	clueweb09-en0005-70-26176	96	0.011959537299101675	fubar
12	Q0	clueweb09-en0005-70-26177	97	0.011959537299101675	fubar
12	Q0	clueweb09-en0005-70-26182	98	0.011959537299101675	fubar
12	Q0	clueweb09-en0005-70-26190	99	0.011959537299101675	fubar
12	Q0	clueweb09-en0005-70-26197	100	0.011959537299101675	fubar
26	Q0	clueweb09-en0003-20-17325	1	0.002437410481980504	fubar
26	Q0	clueweb09-en0000-32-03992	2	0.0020209449379902755	fubar
26	Q0	clueweb09-en0005-65-31815	3	0.0016968704698445429	fubar
26	Q0	clueweb09-en0007-32-33911	4	0.001638124742142107	fubar
26	Q0	clueweb09-en0004-02-17099	5	0.0016146719401529197	fubar
26	Q0	clueweb09-en0007-51-19957	6	0.0013061973896121132	fubar
26	Q0	clueweb09-en0007-15-40215	7	0.0012973262178141536	fubar
26	Q0	clueweb09-en0005-08-41696	8	0.001276146946168695	fubar
26	Q0	clueweb09-en0004-56-11923	9	0.001239713331121459	fubar
26	Q0	clueweb09-en0011-09-07090	10	0.0012037197249464757	fubar
26	Q0	clueweb09-en0002-83-01353	11	0.0011947998308549333	fubar
26	Q0	clueweb09-en0008-86-18099	12	0.0011665198124808558	fubar
26	Q0	clueweb09-en0003-27-25448	13	0.0011526412522863722	fubar
26	Q0	clueweb09-en0005-22-07875	14	0.0011363022245485452	fubar
26	Q0	clueweb09-en0009-64-01781	15	0.001124849609468727	fubar
26	Q0	clueweb09-en0008-16-40507	16	0.0011195336332726908	fubar
26	Q0	clueweb09-en0002-53-30927	17	0.0010401123462495574	fubar
26	Q0	clueweb09-en0008-18-32277	18	0.0010397421685952545	fubar
26	Q0	clueweb09-en0005-67-17610	19	0.0010128267496131123	fubar
26	Q0	clueweb09-en0006-09-21064	20	9.748244237541433E-4	fubar
26	Q0	clueweb09-en0001-20-13960	21	9.6756174159532E-4	fubar
26	Q0	clueweb09-en0002-43-06943	22	9.518900623271444E-4	fubar
26	Q0	clueweb09-en0003-37-21358	23	9.308979681851038E-4	fubar
26	Q0	clueweb09-en0004-89-18068	24	9.206957821670843E-4	fubar
26	Q0	clueweb09-en0001-28-23732	25	9.025059030633599E-4	fubar
26	Q0	clueweb09-en0003-10-18518	26	8.957647065661534E-4	fubar
26	Q0	clueweb09-en0006-76-14732	27	8.766533323884601E-4	fubar
26	Q0	clueweb09-en0001-80-10580	28	8.700854879229702E-4	fubar
26	Q0	clueweb09-en0011-98-01614	29	8.651649309704961E-4	fubar
26	Q0	clueweb09-en0008-80-03421	30	8.588957069584791E-4	fubar
26	Q0	clueweb09-en0008-22-28944	31	8.581288833728316E-4	fubar
26	Q0	clueweb09-enwp00-89-13332	32	8.493627688957404E-4	fubar
26	Q0	clueweb09-enwp00-83-11659	33	8.491892341967453E-4	fubar
26	Q0	clueweb09-enwp01-12-13498	34	8.491892341967453E-4	fubar
26	Q0	clueweb09-enwp00-98-12447	35	8.485002055212695E-4	fubar
26	Q0	clueweb09-enwp00-96-12292	36	8.447556642980255E-4	fubar
26	Q0	clueweb09-enwp01-77-14696	37	8.445812650000414E-4	fubar
26	Q0	clueweb09-enwp01-32-16104	38	8.438844090407711E-4	fubar
26	Q0	clueweb09-enwp03-14-22415	39	8.436363032871826E-4	fubar
26	Q0	clueweb09-enwp00-87-12716	40	8.383088659949094E-4	fubar
26	Q0	clueweb09-enwp02-23-15904	41	8.380370734931822E-4	fubar
26	Q0	clueweb09-enwp02-08-00431	42	8.377894402050088E-4	fubar
26	Q0	clueweb09-enwp03-08-22573	43	8.37737066219909E-4	fubar
26	Q0	clueweb09-enwp01-24-16423	44	8.362816009291083E-4	fubar
26	Q0	clueweb09-en0001-17-15996	45	8.291604805734667E-4	fubar
26	Q0	clueweb09-en0006-66-04640	46	8.202044937292346E-4	fubar
26	Q0	clueweb09-en0008-24-10533	47	7.852171569700083E-4	fubar
26	Q0	clueweb09-en0010-57-09562	48	7.759752054825057E-4	fubar
26	Q0	clueweb09-en0011-68-21789	49	7.735489579453754E-4	fubar
26	Q0	clueweb09-en0001-66-06942	50	7.706565362714117E-4	fubar
26	Q0	clueweb09-en0008-09-11853	51	7.676389539715585E-4	fubar
26	Q0	clueweb09-en0011-68-21774	52	7.462754347391673E-4	fubar
26	Q0	clueweb09-en0005-75-10536	53	7.329221165887955E-4	fubar
26	Q0	clueweb09-en0010-75-02171	54	7.25560073294945E-4	fubar
26	Q0	clueweb09-en0002-86-07544	55	7.198473134049843E-4	fubar
26	Q0	clueweb09-en0003-63-01674	56	7.010851889222009E-4	fubar
26	Q0	clueweb09-en0000-67-16225	57	6.774396489734293E-4	fubar
26	Q0	clueweb09-en0007-53-00551	58	6.774396489734293E-4	fubar
26	Q0	clueweb09-en0003-46-17278	59	6.457816969773667E-4	fubar
26	Q0	clueweb09-en0006-02-26295	60	6.337189948003147E-4	fubar
26	Q0	clueweb09-en0005-56-01195	61	6.246873974784676E-4	fubar
26	Q0	clueweb09-en0008-09-11818	62	6.232409034533458E-4	fubar
26	Q0	clueweb09-en0008-09-11828	63	6.232409034533458E-4	fubar
26	Q0	clueweb09-en0007-27-32114	64	6.231581714797908E-4	fubar
26	Q0	clueweb09-en0007-00-06356	65	6.210981630359013E-4	fubar
26	Q0	clueweb09-en0008-51-25951	66	6.199052646692311E-4	fubar
26	Q0	clueweb09-en0003-74-12212	67	6.166737199395333E-4	fubar
26	Q0	clueweb09-en0006-69-21516	68	6.14062092279061E-4	fubar
26	Q0	clueweb09-en0003-02-19631	69	6.119398140829492E-4	fubar
26	Q0	clueweb09-en0009-56-02276	70	6.108764802479598E-4	fubar
26	Q0	clueweb09-en0005-68-17022	71	6.09946317449137E-4	fubar
26	Q0	clueweb09-en0008-61-14382	72	6.087572320253331E-4	fubar
26	Q0	clueweb09-en0007-57-19603	73	5.88728563958256E-4	fubar
26	Q0	clueweb09-en0011-94-03897	74	5.865820391121383E-4	fubar
26	Q0	clueweb09-en0010-62-08948	75	5.738498089845906E-4	fubar
26	Q0	clueweb09-en0007-77-18006	76	5.720017028528509E-4	fubar
26	Q0	clueweb09-en0010-79-08258	77	5.665133467990495E-4	fubar
26	Q0	clueweb09-en0009-57-43610	78	5.555923253354177E-4	fubar
26	Q0	clueweb09-en0010-79-07209	79	5.35435439833332E-4	fubar
26	Q0	clueweb09-en0008-18-07252	80	5.341873613742606E-4	fubar
26	Q0	clueweb09-en0009-85-33132	81	5.253078909015958E-4	fubar
26	Q0	clueweb09-en0000-09-08810	82	5.098090935032004E-4	fubar
26	Q0	clueweb09-en0007-27-32254	83	5.064375949974301E-4	fubar
26	Q0	clueweb09-en0011-99-23972	84	4.954508841988031E-4	fubar
26	Q0	clueweb09-en0000-09-09260	85	4.885669511607567E-4	fubar
26	Q0	clueweb09-en0009-50-41295	86	4.6677862407568614E-4	fubar
26	Q0	clueweb09-enwp00-82-22880	87	4.620053188881129E-4	fubar
26	Q0	clueweb09-en0005-00-02884	88	4.6189174201385116E-4	fubar
26	Q0	clueweb09-en0011-36-24924	89	4.5733280389733224E-4	fubar
26	Q0	clueweb09-en0004-80-09396	90	4.434176990924097E-4	fubar
26	Q0	clueweb09-en0000-04-00579	91	4.402514563296861E-4	fubar
26	Q0	clueweb09-en0000-04-01322	92	4.402514563296861E-4	fubar
26	Q0	clueweb09-en0006-18-26426	93	4.3873872499199356E-4	fubar
26	Q0	clueweb09-en0007-13-30672	94	4.309967916215525E-4	fubar
26	Q0	clueweb09-en0005-65-31831	95	4.246279874430614E-4	fubar
26	Q0	clueweb09-en0009-03-09293	96	4.219446902524701E-4	fubar
26	Q0	clueweb09-en0005-76-12345	97	4.1861673063583094E-4	fubar
26	Q0	clueweb09-en0005-81-17486	98	4.1861673063583094E-4	fubar
26	Q0	clueweb09-enwp00-29-09599	99	4.1353221200326996E-4	fubar
26	Q0	clueweb09-enwp00-23-09526	100	4.133117122370553E-4	fubar
29	Q0	clueweb09-en0011-98-19649	1	0.0055107394188458406	fubar
29	Q0	clueweb09-en0008-79-18869	2	0.005245198825893841	fubar
29	Q0	clueweb09-en0008-79-18868	3	0.005243340117720952	fubar
29	Q0	clueweb09-en0008-79-18870	4	0.0036883609617148713	fubar
29	Q0	clueweb09-en0008-79-18871	5	0.0030071320583794953	fubar
29	Q0	clueweb09-en0004-09-20970	6	0.00198785180371677	fubar
29	Q0	clueweb09-en0002-81-23066	7	0.001666896380089551	fubar
29	Q0	clueweb09-en0005-22-36375	8	0.0012254121960769227	fubar
29	Q0	clueweb09-en0001-24-06988	9	0.0012074026591719967	fubar
29	Q0	clueweb09-en0002-81-26338	10	0.0012002964965675668	fubar
29	Q0	clueweb09-en0001-26-27688	11	0.001139307036248937	fubar
29	Q0	clueweb09-en0006-74-29158	12	0.001100264722270121	fubar
29	Q0	clueweb09-en0009-34-26780	13	0.0010792324902256338	fubar
29	Q0	clueweb09-en0005-66-26526	14	9.281834635957463E-4	fubar
29	Q0	clueweb09-en0003-62-18707	15	9.052901626717492E-4	fubar
29	Q0	clueweb09-en0001-68-20627	16	8.485571091678969E-4	fubar
29	Q0	clueweb09-en0001-26-27648	17	8.279308203590769E-4	fubar
29	Q0	clueweb09-en0007-71-16838	18	7.631745401545339E-4	fubar
29	Q0	clueweb09-en0001-02-19735	19	7.467075017238799E-4	fubar
29	Q0	clueweb09-en0011-14-10906	20	7.376385880207094E-4	fubar
29	Q0	clueweb09-en0005-40-36199	21	6.845542280204628E-4	fubar
29	Q0	clueweb09-en0009-34-31543	22	5.825032578737028E-4	fubar
29	Q0	clueweb09-en0000-21-14576	23	5.49972907782848E-4	fubar
29	Q0	clueweb09-en0005-40-36200	24	5.455767813949373E-4	fubar
29	Q0	clueweb09-en0007-49-25389	25	5.229219539588041E-4	fubar
29	Q0	clueweb09-en0005-40-36160	26	4.709211225968616E-4	fubar
29	Q0	clueweb09-en0005-40-36197	27	4.709211225968616E-4	fubar
29	Q0	clueweb09-en0007-14-21273	28	4.635895778174841E-4	fubar
29	Q0	clueweb09-en0008-93-11531	29	4.410399529017016E-4	fubar
29	Q0	clueweb09-en0000-41-24559	30	4.2637587880499833E-4	fubar
29	Q0	clueweb09-en0008-93-11524	31	4.18195296987545E-4	fubar
29	Q0	clueweb09-en0000-54-09865	32	4.176808654068259E-4	fubar
29	Q0	clueweb09-en0003-13-14486	33	3.804534560326425E-4	fubar
29	Q0	clueweb09-en0009-51-13573	34	3.798865564109322E-4	fubar
29	Q0	clueweb09-en0010-61-35743	35	3.7615702180988925E-4	fubar
29	Q0	clueweb09-en0010-05-40180	36	3.7236439287440085E-4	fubar
29	Q0	clueweb09-en0005-97-31330	37	3.5317398037590635E-4	fubar
29	Q0	clueweb09-en0003-22-00196	38	3.4422382318766024E-4	fubar
29	Q0	clueweb09-en0004-09-20975	39	3.321684408992504E-4	fubar
29	Q0	clueweb09-en0006-55-21379	40	3.310415522300852E-4	fubar
29	Q0	clueweb09-en0004-09-20944	41	3.2507038362659057E-4	fubar
29	Q0	clueweb09-en0001-48-17430	42	3.213857054709863E-4	fubar
29	Q0	clueweb09-en0000-37-06356	43	3.21282563327719E-4	fubar
29	Q0	clueweb09-en0003-93-16170	44	3.141266013181639E-4	fubar
29	Q0	clueweb09-en0005-04-18471	45	3.126366456628581E-4	fubar
29	Q0	clueweb09-en0003-50-16719	46	3.11877463424928E-4	fubar
29	Q0	clueweb09-en0008-79-18830	47	3.1082080937380914E-4	fubar
29	Q0	clueweb09-en0004-43-36136	48	3.087651066330091E-4	fubar
29	Q0	clueweb09-en0007-49-01725	49	3.029250881650835E-4	fubar
29	Q0	clueweb09-en0007-78-22788	50	2.8833508942086283E-4	fubar
29	Q0	clueweb09-en0005-86-11777	51	2.861528642374013E-4	fubar
29	Q0	clueweb09-en0005-18-29983	52	2.835377811097564E-4	fubar
29	Q0	clueweb09-en0007-06-34575	53	2.819182294942427E-4	fubar
29	Q0	clueweb09-en0004-81-34531	54	2.612715482486741E-4	fubar
29	Q0	clueweb09-en0000-93-35657	55	2.5851661210423907E-4	fubar
29	Q0	clueweb09-en0008-93-13158	56	2.510570568719706E-4	fubar
29	Q0	clueweb09-en0006-17-19924	57	2.451824578206596E-4	fubar
29	Q0	clueweb09-en0008-93-14079	58	2.4236064149224916E-4	fubar
29	Q0	clueweb09-en0001-03-05755	59	2.3812133541233852E-4	fubar
29	Q0	clueweb09-en0003-59-07163	60	2.2852516806990233E-4	fubar
29	Q0	clueweb09-en0004-19-06116	61	2.264348243006616E-4	fubar
29	Q0	clueweb09-en0000-04-30449	62	2.2640941512601815E-4	fubar
29	Q0	clueweb09-en0006-71-05051	63	2.2602785257931564E-4	fubar
29	Q0	clueweb09-en0007-63-19989	64	2.2554739426724495E-4	fubar
29	Q0	clueweb09-en0006-04-08720	65	2.2113771001029003E-4	fubar
29	Q0	clueweb09-en0005-52-11105	66	2.1754055194761606E-4	fubar
29	Q0	clueweb09-en0008-93-11597	67	2.1700719744077032E-4	fubar
29	Q0	clueweb09-en0008-31-34279	68	2.155471669066722E-4	fubar
29	Q0	clueweb09-en0008-93-11625	69	2.138151719199868E-4	fubar
29	Q0	clueweb09-en0007-14-21285	70	2.1304133534406973E-4	fubar
29	Q0	clueweb09-en0007-14-21283	71	2.1293239957200077E-4	fubar
29	Q0	clueweb09-en0007-14-21270	72	2.12462526285931E-4	fubar
29	Q0	clueweb09-en0011-22-08462	73	2.108546536937604E-4	fubar
29	Q0	clueweb09-en0011-13-15824	74	2.083056000623404E-4	fubar
29	Q0	clueweb09-en0008-93-11563	75	2.0708601606175275E-4	fubar
29	Q0	clueweb09-en0004-91-07655	76	2.0358982856050664E-4	fubar
29	Q0	clueweb09-en0001-19-27476	77	2.0125453178002872E-4	fubar
29	Q0	clueweb09-en0008-93-14126	78	1.9787352886139556E-4	fubar
29	Q0	clueweb09-en0008-81-12543	79	1.9600540913904512E-4	fubar
29	Q0	clueweb09-en0010-05-40159	80	1.9016894641782657E-4	fubar
29	Q0	clueweb09-en0003-41-14473	81	1.88848406296931E-4	fubar
29	Q0	clueweb09-en0006-49-10668	82	1.874587265009149E-4	fubar
29	Q0	clueweb09-en0006-61-06204	83	1.861719701297186E-4	fubar
29	Q0	clueweb09-enwp03-25-06208	84	1.8489741962516524E-4	fubar
29	Q0	clueweb09-en0000-24-17115	85	1.8434570443794936E-4	fubar
29	Q0	clueweb09-en0011-30-10550	86	1.8341306868186028E-4	fubar
29	Q0	clueweb09-en0009-71-25268	87	1.8130630932955655E-4	fubar
29	Q0	clueweb09-en0011-30-34937	88	1.8123150487344276E-4	fubar
29	Q0	clueweb09-en0007-21-08475	89	1.7909579936044773E-4	fubar
29	Q0	clueweb09-en0001-22-03095	90	1.7253879354903274E-4	fubar
29	Q0	clueweb09-en0011-02-00086	91	1.7250332159410642E-4	fubar
29	Q0	clueweb09-en0003-86-28817	92	1.7218991411770303E-4	fubar
29	Q0	clueweb09-en0007-04-29194	93	1.7202350061488084E-4	fubar
29	Q0	clueweb09-en0007-20-30804	94	1.686783231813759E-4	fubar
29	Q0	clueweb09-en0008-87-02981	95	1.6745445624032768E-4	fubar
29	Q0	clueweb09-en0008-04-13289	96	1.6452645652002677E-4	fubar
29	Q0	clueweb09-en0008-93-11576	97	1.6275585514385104E-4	fubar
29	Q0	clueweb09-en0008-49-38443	98	1.6091494030264763E-4	fubar
29	Q0	clueweb09-en0002-29-04735	99	1.6045210272869567E-4	fubar
29	Q0	clueweb09-en0003-34-13887	100	1.601058497110031E-4	fubar
33	Q0	clueweb09-en0004-10-03867	1	0.025102362385347216	fubar
33	Q0	clueweb09-en0003-85-29611	2	0.024367419354803896	fubar
33	Q0	clueweb09-en0001-84-08947	3	0.023779413493915384	fubar
33	Q0	clueweb09-en0007-93-27139	4	0.02065136542943283	fubar
33	Q0	clueweb09-en0007-10-02425	5	0.019970214006228428	fubar
33	Q0	clueweb09-en0008-88-09400	6	0.01599985257979949	fubar
33	Q0	clueweb09-en0007-02-05005	7	0.010884019085298126	fubar
33	Q0	clueweb09-en0004-86-06757	8	0.010331439193648874	fubar
33	Q0	clueweb09-en0007-28-28069	9	0.00997876446872848	fubar
33	Q0	clueweb09-en0007-28-28066	10	0.009214299383530406	fubar
33	Q0	clueweb09-en0007-02-05288	11	0.008757307228095241	fubar
33	Q0	clueweb09-en0007-28-28070	12	0.008586917210796912	fubar
33	Q0	clueweb09-en0007-28-28071	13	0.008481172651802081	fubar
33	Q0	clueweb09-en0011-47-00365	14	0.007876895059009728	fubar
33	Q0	clueweb09-en0011-47-01580	15	0.0074430931563469705	fubar
33	Q0	clueweb09-en0005-55-20307	16	0.007402407002042473	fubar
33	Q0	clueweb09-en0011-47-01597	17	0.0073734817387903885	fubar
33	Q0	clueweb09-en0007-10-02426	18	0.007250255332682493	fubar
33	Q0	clueweb09-en0008-72-38560	19	0.007137460528710124	fubar
33	Q0	clueweb09-en0011-47-01698	20	0.0070138921523027085	fubar
33	Q0	clueweb09-en0011-16-27385	21	0.006996309548110462	fubar
33	Q0	clueweb09-en0001-24-28991	22	0.006960786542155994	fubar
33	Q0	clueweb09-en0011-47-01149	23	0.006941672438310188	fubar
33	Q0	clueweb09-en0007-27-13468	24	0.006803839646926922	fubar
33	Q0	clueweb09-en0007-28-28067	25	0.006803299645873213	fubar
33	Q0	clueweb09-en0002-75-28930	26	0.006726709014190507	fubar
33	Q0	clueweb09-en0011-47-01613	27	0.006678784504091999	fubar
33	Q0	clueweb09-en0009-93-17526	28	0.006609250347640294	fubar
33	Q0	clueweb09-en0005-63-22187	29	0.00649712247466541	fubar
33	Q0	clueweb09-en0005-58-06210	30	0.0064768649396777615	fubar
33	Q0	clueweb09-en0006-55-13289	31	0.006397022387282857	fubar
33	Q0	clueweb09-en0011-46-21605	32	0.006390199316541981	fubar
33	Q0	clueweb09-en0010-50-37908	33	0.0063000638720903035	fubar
33	Q0	clueweb09-en0007-93-27138	34	0.006249062619151538	fubar
33	Q0	clueweb09-en0007-28-28068	35	0.006138498812382659	fubar
33	Q0	clueweb09-en0006-51-13962	36	0.006093781939876803	fubar
33	Q0	clueweb09-en0006-55-13360	37	0.006092990871703114	fubar
33	Q0	clueweb09-en0010-50-37902	38	0.006011081201664851	fubar
33	Q0	clueweb09-en0010-50-37899	39	0.005980191639092958	fubar
33	Q0	clueweb09-en0004-51-27191	40	0.005888267648308975	fubar
33	Q0	clueweb09-en0007-10-02424	41	0.005872486563993876	fubar
33	Q0	clueweb09-en0010-50-37896	42	0.0058697552041353995	fubar
33	Q0	clueweb09-en0007-43-26374	43	0.005796019606366995	fubar
33	Q0	clueweb09-en0011-47-00372	44	0.005791950340143784	fubar
33	Q0	clueweb09-en0006-49-22677	45	0.0057339887478199	fubar
33	Q0	clueweb09-en0004-47-07395	46	0.00573354887568516	fubar
33	Q0	clueweb09-en0009-33-38369	47	0.005705088206589766	fubar
33	Q0	clueweb09-en0007-27-13971	48	0.005672025470969109	fubar
33	Q0	clueweb09-en0009-89-21753	49	0.005619689564369607	fubar
33	Q0	clueweb09-en0004-67-00302	50	0.005558091166511656	fubar
33	Q0	clueweb09-en0010-50-37430	51	0.0055191863366961065	fubar
33	Q0	clueweb09-en0008-93-19086	52	0.005486739140014318	fubar
33	Q0	clueweb09-en0007-27-13972	53	0.0054711212494447025	fubar
33	Q0	clueweb09-en0000-14-16447	54	0.005469381177853863	fubar
33	Q0	clueweb09-en0011-82-29027	55	0.005469146416887671	fubar
33	Q0	clueweb09-en0011-47-00832	56	0.005419545816213146	fubar
33	Q0	clueweb09-en0011-46-21606	57	0.005314742384742756	fubar
33	Q0	clueweb09-en0009-40-38195	58	0.00529768829906729	fubar
33	Q0	clueweb09-en0007-93-27012	59	0.005256878252019775	fubar
33	Q0	clueweb09-en0003-62-10129	60	0.005228603520351539	fubar
33	Q0	clueweb09-en0011-20-21397	61	0.005202434900752326	fubar
33	Q0	clueweb09-en0009-40-38630	62	0.005185131266661429	fubar
33	Q0	clueweb09-en0004-67-00253	63	0.0051643899785010095	fubar
33	Q0	clueweb09-en0010-63-36354	64	0.005105247323049133	fubar
33	Q0	clueweb09-en0007-27-13970	65	0.005101827699051569	fubar
33	Q0	clueweb09-en0007-97-20751	66	0.005066009905084803	fubar
33	Q0	clueweb09-en0009-40-37915	67	0.0050427288935988215	fubar
33	Q0	clueweb09-en0006-83-26307	68	0.005004022693048685	fubar
33	Q0	clueweb09-en0011-47-01583	69	0.004913496447976298	fubar
33	Q0	clueweb09-en0006-47-10042	70	0.004803418424265957	fubar
33	Q0	clueweb09-en0009-40-37274	71	0.004797114776855826	fubar
33	Q0	clueweb09-en0002-44-08228	72	0.004773158529209949	fubar
33	Q0	clueweb09-en0003-43-03494	73	0.004736286944744612	fubar
33	Q0	clueweb09-en0006-07-08108	74	0.004723090015295545	fubar
33	Q0	clueweb09-en0004-55-29340	75	0.0046108588631280185	fubar
33	Q0	clueweb09-en0010-63-36361	76	0.004542547801970706	fubar
33	Q0	clueweb09-en0001-05-27683	77	0.004523617717946407	fubar
33	Q0	clueweb09-en0001-05-27684	78	0.0045158471315574255	fubar
33	Q0	clueweb09-en0003-62-10126	79	0.004504372971284106	fubar
33	Q0	clueweb09-en0007-43-26211	80	0.004394076127641385	fubar
33	Q0	clueweb09-en0003-52-21555	81	0.0043359857576568	fubar
33	Q0	clueweb09-en0006-13-16882	82	0.004267026310783929	fubar
33	Q0	clueweb09-en0007-27-13968	83	0.004265905021054656	fubar
33	Q0	clueweb09-en0004-55-29307	84	0.004172591715457613	fubar
33	Q0	clueweb09-en0008-85-35393	85	0.004163618349888323	fubar
33	Q0	clueweb09-en0004-85-21455	86	0.004133060859866529	fubar
33	Q0	clueweb09-en0003-62-10127	87	0.004097929656993359	fubar
33	Q0	clueweb09-en0004-55-29323	88	0.0040629838118827226	fubar
33	Q0	clueweb09-en0004-81-23070	89	0.004034323496509768	fubar
33	Q0	clueweb09-en0001-55-13913	90	0.004019204624203715	fubar
33	Q0	clueweb09-en0011-47-01596	91	0.004008523047665316	fubar
33	Q0	clueweb09-en0007-87-32838	92	0.003863238471453365	fubar
33	Q0	clueweb09-en0006-49-22613	93	0.0037890573304164925	fubar
33	Q0	clueweb09-en0003-62-10124	94	0.0037423532753300616	fubar
33	Q0	clueweb09-en0007-43-25845	95	0.0037419558179632513	fubar
33	Q0	clueweb09-en0006-41-10193	96	0.00371991670758669	fubar
33	Q0	clueweb09-en0006-55-13272	97	0.0036879382899421276	fubar
33	Q0	clueweb09-en0004-55-29308	98	0.003665687788740162	fubar
33	Q0	clueweb09-en0006-55-13282	99	0.003646300510899041	fubar
33	Q0	clueweb09-en0006-55-13250	100	0.003629496632547667	fubar
52	Q0	clueweb09-en0002-02-06958	1	0.022904474878698573	fubar
52	Q0	clueweb09-en0007-27-31570	2	0.016542152689547094	fubar
52	Q0	clueweb09-en0004-50-29420	3	0.016252584916776336	fubar
52	Q0	clueweb09-en0007-42-30758	4	0.015872947570728817	fubar
52	Q0	clueweb09-en0009-11-15253	5	0.013538739848571062	fubar
52	Q0	clueweb09-en0007-54-06297	6	0.013472561086613953	fubar
52	Q0	clueweb09-en0007-45-32743	7	0.012961932059848127	fubar
52	Q0	clueweb09-en0003-46-06487	8	0.01219943883796013	fubar
52	Q0	clueweb09-en0007-56-15204	9	0.012100472260598048	fubar
52	Q0	clueweb09-en0007-54-06298	10	0.012047351297867432	fubar
52	Q0	clueweb09-en0004-73-19124	11	0.011759912711122488	fubar
52	Q0	clueweb09-en0008-73-34521	12	0.011666094733608056	fubar
52	Q0	clueweb09-en0007-42-30286	13	0.01153749521982816	fubar
52	Q0	clueweb09-en0007-37-33556	14	0.010778185410649557	fubar
52	Q0	clueweb09-en0007-76-21969	15	0.01061217034856421	fubar
52	Q0	clueweb09-enwp03-32-18527	16	0.010416352013290699	fubar
52	Q0	clueweb09-enwp00-28-01433	17	0.010310326019628863	fubar
52	Q0	clueweb09-en0009-03-12947	18	0.010218876935423716	fubar
52	Q0	clueweb09-en0001-34-01645	19	0.010111059044650546	fubar
52	Q0	clueweb09-en0008-39-16046	20	0.0099340207883719	fubar
52	Q0	clueweb09-en0003-86-25212	21	0.009572590615929303	fubar
52	Q0	clueweb09-en0003-86-25214	22	0.009572590615929303	fubar
52	Q0	clueweb09-en0007-62-26154	23	0.00948023765275249	fubar
52	Q0	clueweb09-en0005-55-08637	24	0.009384538652607747	fubar
52	Q0	clueweb09-en0008-73-34994	25	0.009329036076005598	fubar
52	Q0	clueweb09-en0001-40-04939	26	0.009218712479468963	fubar
52	Q0	clueweb09-en0007-42-30627	27	0.009178971252377256	fubar
52	Q0	clueweb09-en0004-73-19301	28	0.009165934878332284	fubar
52	Q0	clueweb09-en0003-52-22860	29	0.009148636692534023	fubar
52	Q0	clueweb09-en0004-36-21055	30	0.009148636692534023	fubar
52	Q0	clueweb09-en0011-96-20814	31	0.009087635220520396	fubar
52	Q0	clueweb09-en0007-62-26160	32	0.009018804308483154	fubar
52	Q0	clueweb09-en0008-78-30205	33	0.00880202258644133	fubar
52	Q0	clueweb09-en0004-36-21044	34	0.008144821983057242	fubar
52	Q0	clueweb09-en0007-54-06376	35	0.00794292058408469	fubar
52	Q0	clueweb09-en0000-51-12375	36	0.007802242628897151	fubar
52	Q0	clueweb09-en0005-07-06668	37	0.007802242628897151	fubar
52	Q0	clueweb09-en0000-54-14011	38	0.007706255889354979	fubar
52	Q0	clueweb09-en0011-54-44026	39	0.007693868358864756	fubar
52	Q0	clueweb09-en0004-91-21630	40	0.007693765993359609	fubar
52	Q0	clueweb09-en0010-35-03245	41	0.007692483572943499	fubar
52	Q0	clueweb09-en0003-52-22870	42	0.007628135968981762	fubar
52	Q0	clueweb09-en0003-52-22871	43	0.007628135968981762	fubar
52	Q0	clueweb09-en0007-09-39768	44	0.007618226472660074	fubar
52	Q0	clueweb09-en0000-54-14063	45	0.0074544065718454245	fubar
52	Q0	clueweb09-en0007-42-30872	46	0.0074544065718454245	fubar
52	Q0	clueweb09-en0010-35-03192	47	0.00696325505640837	fubar
52	Q0	clueweb09-en0007-87-18374	48	0.006899710399099746	fubar
52	Q0	clueweb09-en0010-35-03230	49	0.006899014110746937	fubar
52	Q0	clueweb09-en0006-75-29330	50	0.006854993969378448	fubar
52	Q0	clueweb09-en0000-53-12244	51	0.006582810794925727	fubar
52	Q0	clueweb09-en0007-42-28363	52	0.006354476736477913	fubar
52	Q0	clueweb09-en0004-55-23803	53	0.006171048129274412	fubar
52	Q0	clueweb09-en0010-35-03155	54	0.006019995258348036	fubar
52	Q0	clueweb09-en0010-35-03157	55	0.006019995258348036	fubar
52	Q0	clueweb09-en0008-73-35315	56	0.005973626866529091	fubar
52	Q0	clueweb09-en0008-73-35320	57	0.005903437782922737	fubar
52	Q0	clueweb09-en0008-73-35322	58	0.0058341649142343585	fubar
52	Q0	clueweb09-en0008-73-35321	59	0.005827327064167818	fubar
52	Q0	clueweb09-en0008-73-35324	60	0.00571490047528111	fubar
52	Q0	clueweb09-en0005-98-10328	61	0.0056314919340698655	fubar
52	Q0	clueweb09-en0011-57-08211	62	0.005630763637829133	fubar
52	Q0	clueweb09-en0008-73-35323	63	0.005559921981076208	fubar
52	Q0	clueweb09-en0011-72-16411	64	0.005503646880045419	fubar
52	Q0	clueweb09-en0008-73-35319	65	0.005320982381107348	fubar
52	Q0	clueweb09-en0010-35-03159	66	0.005314614211813178	fubar
52	Q0	clueweb09-en0010-35-03226	67	0.005282619733646531	fubar
52	Q0	clueweb09-en0008-73-35316	68	0.005186922559437663	fubar
52	Q0	clueweb09-enwp01-19-20373	69	0.005057422289312538	fubar
52	Q0	clueweb09-enwp01-08-20621	70	0.005048956317428282	fubar
52	Q0	clueweb09-en0003-52-22865	71	0.004986304745082846	fubar
52	Q0	clueweb09-en0011-39-28881	72	0.004780414039390812	fubar
52	Q0	clueweb09-en0004-36-21051	73	0.0047120935368708365	fubar
52	Q0	clueweb09-en0000-29-12343	74	0.0045777004273031	fubar
52	Q0	clueweb09-en0000-70-27853	75	0.00451387538817738	fubar
52	Q0	clueweb09-en0000-77-18405	76	0.004485882182052218	fubar
52	Q0	clueweb09-en0004-42-32855	77	0.004366834294907389	fubar
52	Q0	clueweb09-en0010-35-03254	78	0.004243651953886704	fubar
52	Q0	clueweb09-en0010-35-03195	79	0.004241577867803306	fubar
52	Q0	clueweb09-en0011-63-15984	80	0.004142561672290985	fubar
52	Q0	clueweb09-en0010-35-03196	81	0.004027721532992396	fubar
52	Q0	clueweb09-en0000-29-12345	82	0.0039170815315156355	fubar
52	Q0	clueweb09-en0005-76-00282	83	0.0039170815315156355	fubar
52	Q0	clueweb09-en0004-25-29156	84	0.0039067219214726995	fubar
52	Q0	clueweb09-en0010-35-03191	85	0.0038301780636873996	fubar
52	Q0	clueweb09-en0010-35-03150	86	0.003787221604907581	fubar
52	Q0	clueweb09-en0009-14-33266	87	0.0037554668885759167	fubar
52	Q0	clueweb09-en0000-51-12379	88	0.003754632097227445	fubar
52	Q0	clueweb09-en0005-07-06669	89	0.003754632097227445	fubar
52	Q0	clueweb09-en0008-73-35318	90	0.003702264298248425	fubar
52	Q0	clueweb09-en0004-36-21048	91	0.003672782082248639	fubar
52	Q0	clueweb09-en0004-36-21040	92	0.003594432138012004	fubar
52	Q0	clueweb09-en0010-35-03154	93	0.003552321437939994	fubar
52	Q0	clueweb09-en0003-52-22856	94	0.0035302400536800066	fubar
52	Q0	clueweb09-en0004-36-21053	95	0.0035302400536800066	fubar
52	Q0	clueweb09-en0000-65-07473	96	0.0034891898200818355	fubar
52	Q0	clueweb09-en0003-52-22857	97	0.0034765157984846776	fubar
52	Q0	clueweb09-en0010-35-03271	98	0.0034741660700694046	fubar
52	Q0	clueweb09-en0000-51-12376	99	0.0033709951629070528	fubar
52	Q0	clueweb09-en0010-35-03207	100	0.0032370083993391477	fubar
71	Q0	clueweb09-en0004-37-01664	1	0.00983279019559803	fubar
71	Q0	clueweb09-en0001-86-16575	2	0.007634845562274151	fubar
71	Q0	clueweb09-en0003-69-28041	3	0.007627650365340758	fubar
71	Q0	clueweb09-en0006-65-34164	4	0.0075566656052833015	fubar
71	Q0	clueweb09-en0003-72-10841	5	0.0053073421624917246	fubar
71	Q0	clueweb09-en0003-91-14622	6	0.004653718365520229	fubar
71	Q0	clueweb09-en0000-17-16576	7	0.004582076826896012	fubar
71	Q0	clueweb09-en0006-65-34220	8	0.004044451765846291	fubar
71	Q0	clueweb09-en0006-31-34464	9	0.004001110376627566	fubar
71	Q0	clueweb09-en0003-69-28073	10	0.003950821786383856	fubar
71	Q0	clueweb09-en0003-69-28102	11	0.003920370695641822	fubar
71	Q0	clueweb09-en0003-69-28040	12	0.0037135875493592547	fubar
71	Q0	clueweb09-en0007-10-10738	13	0.0036463634419901135	fubar
71	Q0	clueweb09-en0006-01-08786	14	0.0036296599949053807	fubar
71	Q0	clueweb09-en0009-56-23906	15	0.0034644726155903245	fubar
71	Q0	clueweb09-en0004-55-23262	16	0.0034117609980258787	fubar
71	Q0	clueweb09-en0007-10-10672	17	0.0033717239650095784	fubar
71	Q0	clueweb09-enwp01-79-06377	18	0.0031173085402119993	fubar
71	Q0	clueweb09-en0006-01-08808	19	0.0030294140571350573	fubar
71	Q0	clueweb09-en0007-18-18457	20	0.0030112270708131735	fubar
71	Q0	clueweb09-en0008-30-14790	21	0.0029461664728263927	fubar
71	Q0	clueweb09-en0008-30-13524	22	0.0028292918418490794	fubar
71	Q0	clueweb09-enwp01-91-06156	23	0.002796629179424805	fubar
71	Q0	clueweb09-en0004-30-21214	24	0.002725180360296537	fubar
71	Q0	clueweb09-en0000-51-21669	25	0.0026882684293665264	fubar
71	Q0	clueweb09-enwp00-58-25034	26	0.0026698321890024587	fubar
71	Q0	clueweb09-enwp00-72-00113	27	0.0026698321890024587	fubar
71	Q0	clueweb09-en0000-21-17133	28	0.0026310664028369817	fubar
71	Q0	clueweb09-en0000-21-17088	29	0.0026281261244771635	fubar
71	Q0	clueweb09-en0008-96-19685	30	0.0025976193112965513	fubar
71	Q0	clueweb09-en0009-56-23881	31	0.002589891746835442	fubar
71	Q0	clueweb09-en0001-69-00512	32	0.0025851336488774586	fubar
71	Q0	clueweb09-en0008-98-27602	33	0.002567679719372913	fubar
71	Q0	clueweb09-en0007-10-10520	34	0.002521296786501033	fubar
71	Q0	clueweb09-en0008-66-22869	35	0.0024150735163863124	fubar
71	Q0	clueweb09-en0000-21-17132	36	0.002383627865154284	fubar
71	Q0	clueweb09-enwp00-40-01239	37	0.0023225406731010785	fubar
71	Q0	clueweb09-enwp00-65-05738	38	0.0023126339558706055	fubar
71	Q0	clueweb09-enwp00-96-22223	39	0.002308881892042858	fubar
71	Q0	clueweb09-en0007-05-09666	40	0.002298291913042944	fubar
71	Q0	clueweb09-en0011-71-01514	41	0.0022908237558219606	fubar
71	Q0	clueweb09-en0008-74-09143	42	0.0022628042167188267	fubar
71	Q0	clueweb09-enwp00-82-22030	43	0.0022493710337823554	fubar
71	Q0	clueweb09-enwp00-89-23165	44	0.0022492381429559754	fubar
71	Q0	clueweb09-enwp00-90-22138	45	0.0022489724155283232	fubar
71	Q0	clueweb09-enwp00-96-22131	46	0.0022488395789196113	fubar
71	Q0	clueweb09-enwp00-93-21720	47	0.0022459233871128673	fubar
71	Q0	clueweb09-enwp00-87-22550	48	0.002245790701973038	fubar
71	Q0	clueweb09-en0008-10-02075	49	0.0022454612098317603	fubar
71	Q0	clueweb09-enwp00-77-05268	50	0.0022405071376239193	fubar
71	Q0	clueweb09-en0008-10-02089	51	0.0022221275603643434	fubar
71	Q0	clueweb09-en0005-41-21175	52	0.0022150526379194338	fubar
71	Q0	clueweb09-enwp01-75-06819	53	0.002212958319143922	fubar
71	Q0	clueweb09-enwp00-65-05712	54	0.0022004890801496607	fubar
71	Q0	clueweb09-en0001-65-28419	55	0.0021919476890229664	fubar
71	Q0	clueweb09-enwp01-12-23460	56	0.002182249484168841	fubar
71	Q0	clueweb09-enwp01-71-05912	57	0.0021758549247988535	fubar
71	Q0	clueweb09-en0000-21-16430	58	0.002150202471881179	fubar
71	Q0	clueweb09-en0002-58-22349	59	0.0021152445571625297	fubar
71	Q0	clueweb09-en0008-10-02080	60	0.0021149452151354884	fubar
71	Q0	clueweb09-enwp01-70-04485	61	0.0020969713159566927	fubar
71	Q0	clueweb09-en0008-09-18117	62	0.00208207056826758	fubar
71	Q0	clueweb09-en0008-09-16819	63	0.00207800771060879	fubar
71	Q0	clueweb09-en0005-41-21236	64	0.002068114276600444	fubar
71	Q0	clueweb09-en0011-71-01524	65	0.0020586690849139252	fubar
71	Q0	clueweb09-en0007-18-18063	66	0.0020231385221154614	fubar
71	Q0	clueweb09-en0002-14-11740	67	0.002021503291637414	fubar
71	Q0	clueweb09-en0003-42-26715	68	0.0020121789556414174	fubar
71	Q0	clueweb09-en0007-22-30337	69	0.001999452076156519	fubar
71	Q0	clueweb09-en0007-18-18064	70	0.001981166630104793	fubar
71	Q0	clueweb09-en0005-34-09416	71	0.001963792851410979	fubar
71	Q0	clueweb09-en0007-34-34261	72	0.0019525438376345576	fubar
71	Q0	clueweb09-en0005-33-21192	73	0.0019433861321347015	fubar
71	Q0	clueweb09-en0007-34-34256	74	0.0019414392745540022	fubar
71	Q0	clueweb09-en0000-21-17086	75	0.001929222548539215	fubar
71	Q0	clueweb09-en0002-71-11796	76	0.0019155723896924627	fubar
71	Q0	clueweb09-en0008-09-17652	77	0.0019135048632178417	fubar
71	Q0	clueweb09-en0003-55-29991	78	0.0019106092167881369	fubar
71	Q0	clueweb09-en0001-94-11835	79	0.0018708533804317874	fubar
71	Q0	clueweb09-en0010-47-05597	80	0.001869140393336659	fubar
71	Q0	clueweb09-en0007-68-19409	81	0.0018671652764438145	fubar
71	Q0	clueweb09-en0008-62-20193	82	0.0018643536049092553	fubar
71	Q0	clueweb09-en0001-80-27572	83	0.0018520394637768034	fubar
71	Q0	clueweb09-enwp01-63-18718	84	0.0018511565382681363	fubar
71	Q0	clueweb09-en0000-21-17087	85	0.0018481551137921714	fubar
71	Q0	clueweb09-en0007-37-28891	86	0.0018153522452451117	fubar
71	Q0	clueweb09-en0008-25-07829	87	0.001813646290677524	fubar
71	Q0	clueweb09-en0003-82-07870	88	0.0018083636894545751	fubar
71	Q0	clueweb09-en0008-18-24287	89	0.0018064630072024733	fubar
71	Q0	clueweb09-en0009-64-34208	90	0.0017877525770717227	fubar
71	Q0	clueweb09-en0004-30-21216	91	0.0017756762449721343	fubar
71	Q0	clueweb09-enwp01-25-01166	92	0.0017649020440376215	fubar
71	Q0	clueweb09-enwp02-27-01166	93	0.0017649020440376215	fubar
71	Q0	clueweb09-en0008-68-16921	94	0.0017647942802656586	fubar
71	Q0	clueweb09-en0009-57-33673	95	0.0017545750641373397	fubar
71	Q0	clueweb09-en0008-73-19104	96	0.001749805743482495	fubar
71	Q0	clueweb09-en0001-94-20373	97	0.0017460420012154964	fubar
71	Q0	clueweb09-en0003-46-26770	98	0.0017448239429525255	fubar
71	Q0	clueweb09-en0003-31-16394	99	0.0017336289965402185	fubar
71	Q0	clueweb09-en0008-80-11362	100	0.0017226082214475108	fubar
102	Q0	clueweb09-en0009-21-19078	1	0.0010593736623209229	fubar
102	Q0	clueweb09-en0000-71-33778	2	4.0186055601923595E-4	fubar
102	Q0	clueweb09-en0007-96-01022	3	4.0186055601923595E-4	fubar
102	Q0	clueweb09-en0002-62-10701	4	2.346789499799071E-4	fubar
102	Q0	clueweb09-en0009-21-19080	5	2.2464384633012584E-4	fubar
102	Q0	clueweb09-en0003-97-27345	6	1.9222223238955658E-4	fubar
102	Q0	clueweb09-en0005-85-24201	7	1.7976492529146444E-4	fubar
102	Q0	clueweb09-en0007-63-04777	8	1.5955730598747755E-4	fubar
102	Q0	clueweb09-en0000-31-10629	9	4.2160463746697676E-5	fubar
102	Q0	clueweb09-en0004-54-25496	10	4.209182824885252E-5	fubar
102	Q0	clueweb09-en0007-96-00920	11	4.008664879712454E-5	fubar
102	Q0	clueweb09-en0006-79-35207	12	3.9809542315486814E-5	fubar
102	Q0	clueweb09-en0007-96-00921	13	3.872393405759399E-5	fubar
102	Q0	clueweb09-en0009-30-26210	14	2.9748764789841537E-5	fubar
102	Q0	clueweb09-en0010-40-31910	15	2.781592954055082E-5	fubar
102	Q0	clueweb09-en0006-62-04172	16	2.3092405270877216E-5	fubar
102	Q0	clueweb09-enwp00-83-17676	17	1.9345083504359462E-5	fubar
102	Q0	clueweb09-enwp00-94-18399	18	1.934112186368396E-5	fubar
102	Q0	clueweb09-enwp00-98-18273	19	1.934112186368396E-5	fubar
102	Q0	clueweb09-enwp01-12-19488	20	1.934112186368396E-5	fubar
102	Q0	clueweb09-enwp00-89-19301	21	1.9321344929274217E-5	fubar
102	Q0	clueweb09-en0005-65-36624	22	1.6935398488065597E-5	fubar
102	Q0	clueweb09-en0011-66-21300	23	1.6409915722355353E-5	fubar
102	Q0	clueweb09-en0006-62-04160	24	1.6330577209038264E-5	fubar
102	Q0	clueweb09-en0005-13-05487	25	1.5725613427083054E-5	fubar
102	Q0	clueweb09-en0000-60-04902	26	1.4733081332795351E-5	fubar
102	Q0	clueweb09-en0000-88-32756	27	1.4639621478211844E-5	fubar
102	Q0	clueweb09-en0005-11-31471	28	1.4162931387416569E-5	fubar
102	Q0	clueweb09-en0004-61-29157	29	1.4056326585841508E-5	fubar
102	Q0	clueweb09-en0002-35-32791	30	1.3550618286716356E-5	fubar
102	Q0	clueweb09-en0008-28-17148	31	1.2706355706057411E-5	fubar
102	Q0	clueweb09-en0009-52-24958	32	1.2559736218986043E-5	fubar
102	Q0	clueweb09-en0001-95-26767	33	1.1816146642706723E-5	fubar
102	Q0	clueweb09-en0010-46-07977	34	1.1702006432682585E-5	fubar
102	Q0	clueweb09-en0006-63-01860	35	1.1428162279608916E-5	fubar
102	Q0	clueweb09-en0010-08-07530	36	1.1284353855776937E-5	fubar
102	Q0	clueweb09-en0009-38-34983	37	1.109344416513192E-5	fubar
102	Q0	clueweb09-enwp01-04-17896	38	1.1052448152426614E-5	fubar
102	Q0	clueweb09-en0010-46-07959	39	1.1027478233330904E-5	fubar
102	Q0	clueweb09-en0009-69-17707	40	1.0847252537709809E-5	fubar
102	Q0	clueweb09-en0008-43-22710	41	1.0777624800752155E-5	fubar
102	Q0	clueweb09-en0010-68-15319	42	1.013503806522461E-5	fubar
102	Q0	clueweb09-en0011-11-24678	43	1.003400038605752E-5	fubar
102	Q0	clueweb09-en0010-50-18902	44	9.986305233094809E-6	fubar
102	Q0	clueweb09-en0008-71-01423	45	9.795288882358929E-6	fubar
102	Q0	clueweb09-en0002-39-11560	46	9.605527743985684E-6	fubar
102	Q0	clueweb09-en0000-18-23590	47	9.600691783688396E-6	fubar
102	Q0	clueweb09-en0010-43-16425	48	9.58746482797822E-6	fubar
102	Q0	clueweb09-en0005-24-34561	49	9.51217192882297E-6	fubar
102	Q0	clueweb09-en0000-31-10670	50	9.430135086889074E-6	fubar
102	Q0	clueweb09-enwp00-79-16935	51	9.244510652470597E-6	fubar
102	Q0	clueweb09-en0008-88-30015	52	9.231554447143591E-6	fubar
102	Q0	clueweb09-en0008-88-30792	53	9.223156791737508E-6	fubar
102	Q0	clueweb09-enwp03-07-18836	54	8.98388475355363E-6	fubar
102	Q0	clueweb09-en0009-49-10754	55	8.925844308519119E-6	fubar
102	Q0	clueweb09-en0010-87-24883	56	8.838196087879853E-6	fubar
102	Q0	clueweb09-en0003-44-05249	57	8.759547319731571E-6	fubar
102	Q0	clueweb09-en0009-49-10757	58	8.759547319731571E-6	fubar
102	Q0	clueweb09-en0000-90-12830	59	8.684955429363418E-6	fubar
102	Q0	clueweb09-en0005-76-06153	60	8.522088408318232E-6	fubar
102	Q0	clueweb09-en0009-07-05695	61	8.377608088584558E-6	fubar
102	Q0	clueweb09-en0005-30-01786	62	8.37264428462411E-6	fubar
102	Q0	clueweb09-en0001-80-04482	63	8.274485839296867E-6	fubar
102	Q0	clueweb09-en0004-44-47161	64	8.221692634092606E-6	fubar
102	Q0	clueweb09-en0006-04-32118	65	8.171866991102217E-6	fubar
102	Q0	clueweb09-enwp00-76-14660	66	7.982161943546959E-6	fubar
102	Q0	clueweb09-en0003-87-11281	67	7.958911662070177E-6	fubar
102	Q0	clueweb09-en0010-40-31911	68	7.947736265576412E-6	fubar
102	Q0	clueweb09-en0009-95-35358	69	7.881498659451286E-6	fubar
102	Q0	clueweb09-en0005-36-17962	70	7.733567497442161E-6	fubar
102	Q0	clueweb09-en0009-18-18150	71	7.591163419617398E-6	fubar
102	Q0	clueweb09-en0007-92-17757	72	7.3106017553161945E-6	fubar
102	Q0	clueweb09-en0000-74-29194	73	7.016253341868737E-6	fubar
102	Q0	clueweb09-en0005-36-17958	74	6.978650040947662E-6	fubar
102	Q0	clueweb09-enwp00-45-04731	75	6.958103243269987E-6	fubar
102	Q0	clueweb09-en0005-30-01787	76	6.939765300709907E-6	fubar
102	Q0	clueweb09-en0005-30-01788	77	6.935496279516909E-6	fubar
102	Q0	clueweb09-en0008-28-17149	78	6.889773346320968E-6	fubar
102	Q0	clueweb09-en0011-10-28159	79	6.851444996216725E-6	fubar
102	Q0	clueweb09-en0003-13-19421	80	6.849375624413193E-6	fubar
102	Q0	clueweb09-en0008-76-14587	81	6.839089323916723E-6	fubar
102	Q0	clueweb09-en0000-52-10558	82	6.8271646055442634E-6	fubar
102	Q0	clueweb09-en0007-72-31914	83	6.759488939359229E-6	fubar
102	Q0	clueweb09-en0003-08-32187	84	6.716496275077085E-6	fubar
102	Q0	clueweb09-en0010-77-09983	85	6.712163499596323E-6	fubar
102	Q0	clueweb09-en0003-08-27211	86	6.6446590855362E-6	fubar
102	Q0	clueweb09-enwp01-31-20495	87	6.638410093344346E-6	fubar
102	Q0	clueweb09-en0010-24-24336	88	6.612207130790045E-6	fubar
102	Q0	clueweb09-en0009-48-35275	89	6.603836742186314E-6	fubar
102	Q0	clueweb09-en0007-24-28068	90	6.555109872781247E-6	fubar
102	Q0	clueweb09-en0008-65-25354	91	6.527817142370212E-6	fubar
102	Q0	clueweb09-en0009-95-35355	92	6.460626024418112E-6	fubar
102	Q0	clueweb09-enwp01-72-17382	93	6.292785999821889E-6	fubar
102	Q0	clueweb09-en0007-51-04111	94	6.263905442532846E-6	fubar
102	Q0	clueweb09-en0011-45-21946	95	6.235554736714639E-6	fubar
102	Q0	clueweb09-en0002-98-24932	96	6.228488044791444E-6	fubar
102	Q0	clueweb09-en0005-71-29597	97	6.2238435845231455E-6	fubar
102	Q0	clueweb09-en0001-29-21562	98	6.075919700549698E-6	fubar
102	Q0	clueweb09-en0006-83-06399	99	6.0230912229534115E-6	fubar
102	Q0	clueweb09-en0004-22-05453	100	6.0226109450992375E-6	fubar
149	Q0	clueweb09-en0003-01-26777	1	0.004988805015279917	fubar
149	Q0	clueweb09-en0004-31-10704	2	0.004935202224631409	fubar
149	Q0	clueweb09-en0003-01-26776	3	0.00464085013536416	fubar
149	Q0	clueweb09-en0003-01-26774	4	0.004029632139719417	fubar
149	Q0	clueweb09-en0003-01-26781	5	0.004029103704055516	fubar
149	Q0	clueweb09-en0004-04-24081	6	0.003320741299567125	fubar
149	Q0	clueweb09-en0000-54-05204	7	0.003055598561895596	fubar
149	Q0	clueweb09-en0003-01-26766	8	0.00275083947943776	fubar
149	Q0	clueweb09-en0008-32-24252	9	0.0027224359675083612	fubar
149	Q0	clueweb09-enwp03-26-23161	10	0.002452357870170351	fubar
149	Q0	clueweb09-enwp03-45-00686	11	0.0024489184089270095	fubar
149	Q0	clueweb09-enwp03-57-00231	12	0.00244812102336783	fubar
149	Q0	clueweb09-enwp01-90-18659	13	0.002441880781695077	fubar
149	Q0	clueweb09-enwp01-70-19331	14	0.0024418027013799084	fubar
149	Q0	clueweb09-enwp03-40-00516	15	0.002441215805214514	fubar
149	Q0	clueweb09-enwp03-44-00114	16	0.002441137701582875	fubar
149	Q0	clueweb09-enwp03-56-00042	17	0.0024409715086328807	fubar
149	Q0	clueweb09-enwp02-01-19234	18	0.0024391859119375445	fubar
149	Q0	clueweb09-enwp01-18-10595	19	0.0024386876975833124	fubar
149	Q0	clueweb09-en0003-01-26778	20	0.0024115918420833976	fubar
149	Q0	clueweb09-en0002-02-16140	21	0.00223584681151244	fubar
149	Q0	clueweb09-en0005-19-22028	22	0.0021703019969509965	fubar
149	Q0	clueweb09-en0004-37-01750	23	0.00202486426096533	fubar
149	Q0	clueweb09-en0002-83-28784	24	0.0019950360940267976	fubar
149	Q0	clueweb09-en0010-39-06285	25	0.0018759339713794007	fubar
149	Q0	clueweb09-en0002-04-26891	26	0.0018682297673852642	fubar
149	Q0	clueweb09-en0002-04-26889	27	0.0017506203946456621	fubar
149	Q0	clueweb09-en0003-57-14820	28	0.0016812072945499613	fubar
149	Q0	clueweb09-en0003-08-31941	29	0.0016799777324994012	fubar
149	Q0	clueweb09-en0005-84-28959	30	0.0016328352967375187	fubar
149	Q0	clueweb09-en0002-04-26897	31	0.0016318553909306394	fubar
149	Q0	clueweb09-en0003-01-26797	32	0.0015833642899961795	fubar
149	Q0	clueweb09-en0003-01-26794	33	0.0015428057219664577	fubar
149	Q0	clueweb09-en0010-58-05004	34	0.001516589077679092	fubar
149	Q0	clueweb09-en0003-01-26796	35	0.0014927045065018035	fubar
149	Q0	clueweb09-en0004-28-03201	36	0.0014849307226443864	fubar
149	Q0	clueweb09-en0008-89-29303	37	0.0013908732846443857	fubar
149	Q0	clueweb09-en0011-52-21084	38	0.0013622227930376585	fubar
149	Q0	clueweb09-en0001-74-13903	39	0.00134715661975457	fubar
149	Q0	clueweb09-en0006-14-32778	40	0.001277217400045429	fubar
149	Q0	clueweb09-en0011-14-20282	41	0.0012725393474883747	fubar
149	Q0	clueweb09-en0011-52-18935	42	0.0012636927090046528	fubar
149	Q0	clueweb09-en0003-01-26802	43	0.0012615751845062727	fubar
149	Q0	clueweb09-en0011-45-31490	44	0.0011925945461500858	fubar
149	Q0	clueweb09-en0003-01-26775	45	0.0010847098739587145	fubar
149	Q0	clueweb09-en0006-79-24044	46	0.0010727146796032667	fubar
149	Q0	clueweb09-en0002-06-10623	47	0.0010469490159683921	fubar
149	Q0	clueweb09-enwp02-30-19531	48	0.001032668274231593	fubar
149	Q0	clueweb09-enwp01-19-20384	49	0.0010221736211891523	fubar
149	Q0	clueweb09-en0008-10-11732	50	0.0010180751542251461	fubar
149	Q0	clueweb09-en0011-98-31793	51	0.0010176743182240206	fubar
149	Q0	clueweb09-en0001-29-06746	52	9.878839639953865E-4	fubar
149	Q0	clueweb09-en0006-64-18367	53	9.842962727237674E-4	fubar
149	Q0	clueweb09-en0006-74-20162	54	9.835696851368135E-4	fubar
149	Q0	clueweb09-en0011-98-31791	55	9.818661151948466E-4	fubar
149	Q0	clueweb09-en0006-68-38816	56	9.415954862385276E-4	fubar
149	Q0	clueweb09-en0003-01-26791	57	9.410524789958152E-4	fubar
149	Q0	clueweb09-en0001-70-34066	58	9.257522574980133E-4	fubar
149	Q0	clueweb09-en0003-01-26661	59	9.256460504637587E-4	fubar
149	Q0	clueweb09-en0004-31-10631	60	9.256460504637587E-4	fubar
149	Q0	clueweb09-en0005-99-18499	61	9.133846831386281E-4	fubar
149	Q0	clueweb09-en0006-68-38815	62	8.969486807109763E-4	fubar
149	Q0	clueweb09-en0009-20-07613	63	8.834351220610435E-4	fubar
149	Q0	clueweb09-en0004-48-14257	64	8.765677566108735E-4	fubar
149	Q0	clueweb09-en0002-13-08496	65	8.505092327676339E-4	fubar
149	Q0	clueweb09-en0005-88-12005	66	8.482365864099918E-4	fubar
149	Q0	clueweb09-enwp03-17-23697	67	8.216885348974381E-4	fubar
149	Q0	clueweb09-enwp00-95-06351	68	8.094731644126195E-4	fubar
149	Q0	clueweb09-en0009-25-22037	69	8.080401018889254E-4	fubar
149	Q0	clueweb09-en0008-35-07745	70	8.025191772032352E-4	fubar
149	Q0	clueweb09-en0003-01-26789	71	7.91508976684476E-4	fubar
149	Q0	clueweb09-enwp00-11-18399	72	7.905739086268206E-4	fubar
149	Q0	clueweb09-en0004-28-03198	73	7.865710803998031E-4	fubar
149	Q0	clueweb09-en0011-55-38719	74	7.827145994184668E-4	fubar
149	Q0	clueweb09-en0011-84-23595	75	7.763396703573843E-4	fubar
149	Q0	clueweb09-en0002-63-20850	76	7.728035013411034E-4	fubar
149	Q0	clueweb09-enwp00-62-21228	77	7.542142695605723E-4	fubar
149	Q0	clueweb09-enwp00-73-21271	78	7.542142695605723E-4	fubar
149	Q0	clueweb09-enwp03-26-23160	79	7.542142695605723E-4	fubar
149	Q0	clueweb09-en0001-93-20942	80	7.481195490754336E-4	fubar
149	Q0	clueweb09-en0009-45-17604	81	7.340585597037891E-4	fubar
149	Q0	clueweb09-en0011-98-31792	82	7.279046259305562E-4	fubar
149	Q0	clueweb09-en0002-33-19532	83	7.238441611794323E-4	fubar
149	Q0	clueweb09-en0009-20-07545	84	7.187181099023571E-4	fubar
149	Q0	clueweb09-en0005-99-18483	85	7.144951157296139E-4	fubar
149	Q0	clueweb09-en0004-70-18766	86	7.126817569273373E-4	fubar
149	Q0	clueweb09-en0005-73-16693	87	7.118214505891461E-4	fubar
149	Q0	clueweb09-enwp01-12-06619	88	6.985094220363221E-4	fubar
149	Q0	clueweb09-enwp03-50-00103	89	6.970338729990417E-4	fubar
149	Q0	clueweb09-en0009-20-07595	90	6.969448774761444E-4	fubar
149	Q0	clueweb09-en0008-35-07746	91	6.851709267059081E-4	fubar
149	Q0	clueweb09-en0009-09-26716	92	6.819129650170657E-4	fubar
149	Q0	clueweb09-en0005-88-07146	93	6.802588968520262E-4	fubar
149	Q0	clueweb09-en0004-48-14185	94	6.754742297295051E-4	fubar
149	Q0	clueweb09-en0007-01-26086	95	6.678825449969948E-4	fubar
149	Q0	clueweb09-en0004-20-31736	96	6.568714585175779E-4	fubar
149	Q0	clueweb09-en0001-21-25495	97	6.508100939278158E-4	fubar
149	Q0	clueweb09-en0011-54-41527	98	6.417068063495064E-4	fubar
149	Q0	clueweb09-en0008-78-41168	99	6.245732004386101E-4	fubar
149	Q0	clueweb09-en0000-07-13689	100	6.232731320341654E-4	fubar
190	Q0	clueweb09-en0000-35-19942	1	9.616733056988915E-4	fubar
190	Q0	clueweb09-en0006-98-32888	2	8.801130859385393E-4	fubar
190	Q0	clueweb09-en0006-14-40073	3	6.513132158598031E-4	fubar
190	Q0	clueweb09-en0006-48-13234	4	5.121928441829502E-4	fubar
190	Q0	clueweb09-en0006-70-16312	5	4.996493512105046E-4	fubar
190	Q0	clueweb09-en0006-48-13403	6	4.65459873665503E-4	fubar
190	Q0	clueweb09-en0003-67-02800	7	4.260610290431054E-4	fubar
190	Q0	clueweb09-en0007-24-07713	8	4.176248332790758E-4	fubar
190	Q0	clueweb09-en0004-42-40299	9	4.0866430143038287E-4	fubar
190	Q0	clueweb09-en0006-16-02379	10	4.013082691388628E-4	fubar
190	Q0	clueweb09-en0006-16-02366	11	3.97626723091496E-4	fubar
190	Q0	clueweb09-en0009-15-22865	12	3.62099530722391E-4	fubar
190	Q0	clueweb09-en0000-18-21486	13	3.482674349302026E-4	fubar
190	Q0	clueweb09-en0006-16-02347	14	3.482674349302026E-4	fubar
190	Q0	clueweb09-en0004-72-27126	15	3.3914249358399585E-4	fubar
190	Q0	clueweb09-en0006-48-12487	16	2.9498980826258116E-4	fubar
190	Q0	clueweb09-en0006-16-02397	17	2.9247478829897214E-4	fubar
190	Q0	clueweb09-en0011-13-22789	18	2.9135163363463583E-4	fubar
190	Q0	clueweb09-en0001-43-19557	19	2.837958399973319E-4	fubar
190	Q0	clueweb09-en0009-62-38578	20	2.7975004820289713E-4	fubar
190	Q0	clueweb09-en0006-16-02376	21	2.662686956252473E-4	fubar
190	Q0	clueweb09-en0006-98-32865	22	2.539563783873936E-4	fubar
190	Q0	clueweb09-en0006-63-21300	23	2.517745490646454E-4	fubar
190	Q0	clueweb09-en0006-98-32840	24	2.5098319503354013E-4	fubar
190	Q0	clueweb09-en0006-16-02388	25	2.4285268478253032E-4	fubar
190	Q0	clueweb09-en0011-37-26826	26	1.7449158429157067E-4	fubar
190	Q0	clueweb09-en0003-38-30237	27	1.7373360198897023E-4	fubar
190	Q0	clueweb09-en0006-16-02377	28	1.507063831304603E-4	fubar
190	Q0	clueweb09-en0001-36-14245	29	1.3680638640199152E-4	fubar
190	Q0	clueweb09-en0010-78-08853	30	1.363628011886558E-4	fubar
190	Q0	clueweb09-en0004-65-06611	31	1.0807079815940452E-4	fubar
190	Q0	clueweb09-en0009-98-27245	32	5.682618426359969E-5	fubar
190	Q0	clueweb09-en0009-98-27243	33	4.8890392593038144E-5	fubar
190	Q0	clueweb09-en0007-72-10770	34	4.035129032435981E-5	fubar
190	Q0	clueweb09-enwp00-30-16648	35	3.5260632849276026E-5	fubar
190	Q0	clueweb09-en0006-48-12486	36	3.308856818873298E-5	fubar
190	Q0	clueweb09-en0009-98-27244	37	3.190203573412573E-5	fubar
190	Q0	clueweb09-en0011-20-22443	38	2.7601942778611566E-5	fubar
190	Q0	clueweb09-en0006-16-02350	39	2.7418707041057935E-5	fubar
190	Q0	clueweb09-en0006-16-02370	40	2.489172303103618E-5	fubar
190	Q0	clueweb09-en0010-60-16249	41	2.408565795206477E-5	fubar
190	Q0	clueweb09-en0010-60-16223	42	2.3797372711036468E-5	fubar
190	Q0	clueweb09-en0006-16-02382	43	2.353677182473912E-5	fubar
190	Q0	clueweb09-en0000-95-20731	44	2.2586323460816932E-5	fubar
190	Q0	clueweb09-en0003-13-14451	45	2.1583701845463948E-5	fubar
190	Q0	clueweb09-en0007-36-05948	46	2.11694775630941E-5	fubar
190	Q0	clueweb09-en0000-36-07440	47	2.084627071641875E-5	fubar
190	Q0	clueweb09-en0006-16-02372	48	2.0221516616524965E-5	fubar
190	Q0	clueweb09-en0007-36-06082	49	2.0060165349492895E-5	fubar
190	Q0	clueweb09-en0006-16-02384	50	1.9995141586119823E-5	fubar
190	Q0	clueweb09-en0004-03-38785	51	1.98245339164426E-5	fubar
190	Q0	clueweb09-en0006-16-02374	52	1.971898418324712E-5	fubar
190	Q0	clueweb09-en0006-30-35371	53	1.906497166842954E-5	fubar
190	Q0	clueweb09-en0006-16-02380	54	1.8463470226928317E-5	fubar
190	Q0	clueweb09-en0006-10-16517	55	1.8284566069712327E-5	fubar
190	Q0	clueweb09-en0008-82-32634	56	1.816936244555422E-5	fubar
190	Q0	clueweb09-en0006-10-16578	57	1.8161955207267234E-5	fubar
190	Q0	clueweb09-en0005-61-23474	58	1.7035484222362347E-5	fubar
190	Q0	clueweb09-en0003-31-13760	59	1.689748666547723E-5	fubar
190	Q0	clueweb09-en0003-71-13626	60	1.639937962710188E-5	fubar
190	Q0	clueweb09-en0006-16-02392	61	1.622777702099188E-5	fubar
190	Q0	clueweb09-en0008-92-02423	62	1.5989032337889896E-5	fubar
190	Q0	clueweb09-en0006-16-02387	63	1.5752521200052366E-5	fubar
190	Q0	clueweb09-en0006-16-02352	64	1.5465955362091532E-5	fubar
190	Q0	clueweb09-en0010-81-33763	65	1.4942925280857988E-5	fubar
190	Q0	clueweb09-en0006-10-16526	66	1.4939773194866162E-5	fubar
190	Q0	clueweb09-en0008-90-05423	67	1.4905673891677978E-5	fubar
190	Q0	clueweb09-en0006-16-02356	68	1.4557630555646207E-5	fubar
190	Q0	clueweb09-en0006-16-02353	69	1.3952381264202985E-5	fubar
190	Q0	clueweb09-en0008-86-05086	70	1.3861147645870546E-5	fubar
190	Q0	clueweb09-en0006-16-02351	71	1.373174109208171E-5	fubar
190	Q0	clueweb09-en0006-16-02348	72	1.3727666318330405E-5	fubar
190	Q0	clueweb09-en0002-39-10420	73	1.3579741581554633E-5	fubar
190	Q0	clueweb09-en0008-18-37611	74	1.3352498105271136E-5	fubar
190	Q0	clueweb09-en0010-45-28736	75	1.3293577403131231E-5	fubar
190	Q0	clueweb09-en0001-18-37097	76	1.3285707187668475E-5	fubar
190	Q0	clueweb09-en0002-20-21552	77	1.3256358174193221E-5	fubar
190	Q0	clueweb09-en0010-99-16562	78	1.3149379559078E-5	fubar
190	Q0	clueweb09-en0003-45-11515	79	1.3061877009552698E-5	fubar
190	Q0	clueweb09-en0007-51-08563	80	1.2593118576600796E-5	fubar
190	Q0	clueweb09-en0002-15-25446	81	1.1938207045296055E-5	fubar
190	Q0	clueweb09-en0004-90-07658	82	1.165653219366103E-5	fubar
190	Q0	clueweb09-en0003-80-07456	83	1.1263177790295194E-5	fubar
190	Q0	clueweb09-enwp00-36-17027	84	1.0950268073957974E-5	fubar
190	Q0	clueweb09-en0001-30-01103	85	1.0944346224027814E-5	fubar
190	Q0	clueweb09-en0005-85-01398	86	1.0340502110684828E-5	fubar
190	Q0	clueweb09-en0006-16-02389	87	1.005254514356644E-5	fubar
190	Q0	clueweb09-en0006-16-02386	88	1.002701492401596E-5	fubar
190	Q0	clueweb09-en0006-16-02354	89	9.970534960416361E-6	fubar
190	Q0	clueweb09-en0009-36-21804	90	9.96051317726939E-6	fubar
190	Q0	clueweb09-en0006-16-02355	91	9.869626473546104E-6	fubar
190	Q0	clueweb09-en0011-93-22042	92	9.782777933231964E-6	fubar
190	Q0	clueweb09-en0011-93-22072	93	9.780718951550964E-6	fubar
190	Q0	clueweb09-en0008-18-37612	94	9.638120934397172E-6	fubar
190	Q0	clueweb09-en0010-07-23767	95	9.315384341782363E-6	fubar
190	Q0	clueweb09-en0005-07-09108	96	9.221744450098963E-6	fubar
190	Q0	clueweb09-en0004-42-00570	97	8.553051508334626E-6	fubar
190	Q0	clueweb09-en0007-80-31029	98	8.465607002846034E-6	fubar
190	Q0	clueweb09-en0011-93-22031	99	8.148364326874612E-6	fubar
190	Q0	clueweb09-en0003-01-15659	100	7.786887884149241E-6	fubar
